## SLURM PROLOG ###############################################################
##    Job ID : 12934558
##  Job Name : Combined_NN
##  Nodelist : node1702
##      CPUs : 
##  Mem/Node : 24576 MB
## Directory : /gpfs/scratch/ngoodma3/Marijuana_Legalization_Corpus_Study
##   Started : Wed May 20 19:09:27 EDT 2020
###############################################################################
module: loading 'anaconda/3-5.2.0'
Using TensorFlow backend.
[nltk_data] Downloading package vader_lexicon to
[nltk_data]     /users/ngoodma3/anaconda/marijuana_study/lib/nltk_data
[nltk_data]     ...
[nltk_data]   Package vader_lexicon is already up-to-date!
[main] INFO CoreNLP - --- StanfordCoreNLPServer#main() called ---
[main] INFO CoreNLP - Setting default constituency parser to SR parser: edu/stanford/nlp/models/srparser/englishSR.ser.gz
[main] INFO CoreNLP -     Threads: 32
[main] INFO CoreNLP - Starting server...
[main] INFO CoreNLP - StanfordCoreNLPServer listening at /0:0:0:0:0:0:0:0:9000
[nltk_data] Downloading package vader_lexicon to
[nltk_data]     /users/ngoodma3/anaconda/marijuana_study/lib/nltk_data
[nltk_data]     ...
[nltk_data]   Package vader_lexicon is already up-to-date!
Started parsing at  7:09PM, 05/20/2020
[nltk_data] Downloading package vader_lexicon to
[nltk_data]     /users/ngoodma3/anaconda/marijuana_study/lib/nltk_data
[nltk_data]     ...
[nltk_data]   Package vader_lexicon is already up-to-date!
[nltk_data] Downloading package vader_lexicon to
[nltk_data]     /users/ngoodma3/anaconda/marijuana_study/lib/nltk_data
[nltk_data]     ...
[nltk_data]   Package vader_lexicon is already up-to-date!
[nltk_data] Downloading package vader_lexicon to
[nltk_data]     /users/ngoodma3/anaconda/marijuana_study/lib/nltk_data
[nltk_data]     ...
[nltk_data]   Package vader_lexicon is already up-to-date!
[nltk_data] Downloading package vader_lexicon to
[nltk_data]     /users/ngoodma3/anaconda/marijuana_study/lib/nltk_data
[nltk_data]     ...
[nltk_data]   Package vader_lexicon is already up-to-date!
[nltk_data] Downloading package vader_lexicon to
[nltk_data]     /users/ngoodma3/anaconda/marijuana_study/lib/nltk_data
[nltk_data]     ...
[nltk_data]   Package vader_lexicon is already up-to-date!
[nltk_data] Downloading package vader_lexicon to
[nltk_data]     /users/ngoodma3/anaconda/marijuana_study/lib/nltk_data
[nltk_data]     ...
[nltk_data]   Package vader_lexicon is already up-to-date!
[nltk_data] Downloading package vader_lexicon to
[nltk_data]     /users/ngoodma3/anaconda/marijuana_study/lib/nltk_data
[nltk_data]     ...
[nltk_data]   Package vader_lexicon is already up-to-date!
[nltk_data] Downloading package vader_lexicon to
[nltk_data]     /users/ngoodma3/anaconda/marijuana_study/lib/nltk_data
[nltk_data]     ...
[nltk_data]   Package vader_lexicon is already up-to-date!
[nltk_data] Downloading package vader_lexicon to
[nltk_data]     /users/ngoodma3/anaconda/marijuana_study/lib/nltk_data
[nltk_data]     ...
[nltk_data]   Package vader_lexicon is already up-to-date!
The following needed processed file(s) were missing for 2008, month 3:
['/gpfs/scratch/ngoodma3/Marijuana_Legalization_Corpus_Study/lda_prep/lda_prep-2008-3', '/gpfs/scratch/ngoodma3/Marijuana_Legalization_Corpus_Study/total_counts/total_count-2008-3', '/gpfs/scratch/ngoodma3/Marijuana_Legalization_Corpus_Study/nn_prep/nn_prep-2008-3']
Initiating preprocessing of RC_2008-03.bz2at  7:09PM, 05/20/2020
The following needed processed file(s) were missing for 2009, month 2:
['/gpfs/scratch/ngoodma3/Marijuana_Legalization_Corpus_Study/lda_prep/lda_prep-2009-2', '/gpfs/scratch/ngoodma3/Marijuana_Legalization_Corpus_Study/total_counts/total_count-2009-2', '/gpfs/scratch/ngoodma3/Marijuana_Legalization_Corpus_Study/nn_prep/nn_prep-2009-2']
Initiating preprocessing of RC_2009-02.bz2at  7:09PM, 05/20/2020
The following needed processed file(s) were missing for 2008, month 5:
['/gpfs/scratch/ngoodma3/Marijuana_Legalization_Corpus_Study/lda_prep/lda_prep-2008-5', '/gpfs/scratch/ngoodma3/Marijuana_Legalization_Corpus_Study/total_counts/total_count-2008-5', '/gpfs/scratch/ngoodma3/Marijuana_Legalization_Corpus_Study/nn_prep/nn_prep-2008-5']
Initiating preprocessing of RC_2008-05.bz2at  7:09PM, 05/20/2020
The following needed processed file(s) were missing for 2008, month 11:
['/gpfs/scratch/ngoodma3/Marijuana_Legalization_Corpus_Study/lda_prep/lda_prep-2008-11', '/gpfs/scratch/ngoodma3/Marijuana_Legalization_Corpus_Study/total_counts/total_count-2008-11', '/gpfs/scratch/ngoodma3/Marijuana_Legalization_Corpus_Study/nn_prep/nn_prep-2008-11']
Initiating preprocessing of RC_2008-11.bz2at  7:09PM, 05/20/2020
The following needed processed file(s) were missing for 2008, month 7:
['/gpfs/scratch/ngoodma3/Marijuana_Legalization_Corpus_Study/lda_prep/lda_prep-2008-7', '/gpfs/scratch/ngoodma3/Marijuana_Legalization_Corpus_Study/total_counts/total_count-2008-7', '/gpfs/scratch/ngoodma3/Marijuana_Legalization_Corpus_Study/nn_prep/nn_prep-2008-7']
Initiating preprocessing of RC_2008-07.bz2at  7:09PM, 05/20/2020
The following needed processed file(s) were missing for 2008, month 1:
['/gpfs/scratch/ngoodma3/Marijuana_Legalization_Corpus_Study/lda_prep/lda_prep-2008-1', '/gpfs/scratch/ngoodma3/Marijuana_Legalization_Corpus_Study/total_counts/total_count-2008-1', '/gpfs/scratch/ngoodma3/Marijuana_Legalization_Corpus_Study/nn_prep/nn_prep-2008-1']
Initiating preprocessing of RC_2008-01.bz2at  7:09PM, 05/20/2020
[nltk_data] Downloading package vader_lexicon to
[nltk_data]     /users/ngoodma3/anaconda/marijuana_study/lib/nltk_data
[nltk_data]     ...
[nltk_data]   Package vader_lexicon is already up-to-date!
The following needed processed file(s) were missing for 2008, month 9:
['/gpfs/scratch/ngoodma3/Marijuana_Legalization_Corpus_Study/lda_prep/lda_prep-2008-9', '/gpfs/scratch/ngoodma3/Marijuana_Legalization_Corpus_Study/total_counts/total_count-2008-9', '/gpfs/scratch/ngoodma3/Marijuana_Legalization_Corpus_Study/nn_prep/nn_prep-2008-9']
Initiating preprocessing of RC_2008-09.bz2at  7:09PM, 05/20/2020
The following needed processed file(s) were missing for 2009, month 4:
['/gpfs/scratch/ngoodma3/Marijuana_Legalization_Corpus_Study/lda_prep/lda_prep-2009-4', '/gpfs/scratch/ngoodma3/Marijuana_Legalization_Corpus_Study/total_counts/total_count-2009-4', '/gpfs/scratch/ngoodma3/Marijuana_Legalization_Corpus_Study/nn_prep/nn_prep-2009-4']
Initiating preprocessing of RC_2009-04.bz2at  7:09PM, 05/20/2020
The following needed processed file(s) were missing for 2009, month 6:
['/gpfs/scratch/ngoodma3/Marijuana_Legalization_Corpus_Study/lda_prep/lda_prep-2009-6', '/gpfs/scratch/ngoodma3/Marijuana_Legalization_Corpus_Study/total_counts/total_count-2009-6', '/gpfs/scratch/ngoodma3/Marijuana_Legalization_Corpus_Study/nn_prep/nn_prep-2009-6']
Initiating preprocessing of RC_2009-06.bz2at  7:09PM, 05/20/2020
[nltk_data] Downloading package vader_lexicon to
[nltk_data]     /users/ngoodma3/anaconda/marijuana_study/lib/nltk_data
[nltk_data]     ...
[nltk_data]   Package vader_lexicon is already up-to-date!
The following needed processed file(s) were missing for 2009, month 8:
['/gpfs/scratch/ngoodma3/Marijuana_Legalization_Corpus_Study/lda_prep/lda_prep-2009-8', '/gpfs/scratch/ngoodma3/Marijuana_Legalization_Corpus_Study/total_counts/total_count-2009-8', '/gpfs/scratch/ngoodma3/Marijuana_Legalization_Corpus_Study/nn_prep/nn_prep-2009-8']
Initiating preprocessing of RC_2009-08.bz2at  7:09PM, 05/20/2020
The following needed processed file(s) were missing for 2009, month 10:
['/gpfs/scratch/ngoodma3/Marijuana_Legalization_Corpus_Study/lda_prep/lda_prep-2009-10', '/gpfs/scratch/ngoodma3/Marijuana_Legalization_Corpus_Study/total_counts/total_count-2009-10', '/gpfs/scratch/ngoodma3/Marijuana_Legalization_Corpus_Study/nn_prep/nn_prep-2009-10']
Initiating preprocessing of RC_2009-10.bz2at  7:09PM, 05/20/2020
[nltk_data] Downloading package vader_lexicon to
[nltk_data]     /users/ngoodma3/anaconda/marijuana_study/lib/nltk_data
[nltk_data]     ...
[nltk_data]   Package vader_lexicon is already up-to-date!
[nltk_data] Downloading package vader_lexicon to
[nltk_data]     /users/ngoodma3/anaconda/marijuana_study/lib/nltk_data
[nltk_data]     ...
[nltk_data]   Package vader_lexicon is already up-to-date!
The following needed processed file(s) were missing for 2010, month 1:
['/gpfs/scratch/ngoodma3/Marijuana_Legalization_Corpus_Study/lda_prep/lda_prep-2010-1', '/gpfs/scratch/ngoodma3/Marijuana_Legalization_Corpus_Study/total_counts/total_count-2010-1', '/gpfs/scratch/ngoodma3/Marijuana_Legalization_Corpus_Study/nn_prep/nn_prep-2010-1']
Initiating preprocessing of RC_2010-01.bz2at  7:09PM, 05/20/2020
[nltk_data] Downloading package vader_lexicon to
[nltk_data]     /users/ngoodma3/anaconda/marijuana_study/lib/nltk_data
[nltk_data]     ...
[nltk_data]   Package vader_lexicon is already up-to-date!
The following needed processed file(s) were missing for 2010, month 3:
['/gpfs/scratch/ngoodma3/Marijuana_Legalization_Corpus_Study/lda_prep/lda_prep-2010-3', '/gpfs/scratch/ngoodma3/Marijuana_Legalization_Corpus_Study/total_counts/total_count-2010-3', '/gpfs/scratch/ngoodma3/Marijuana_Legalization_Corpus_Study/nn_prep/nn_prep-2010-3']
Initiating preprocessing of RC_2010-03.bz2at  7:09PM, 05/20/2020
The following needed processed file(s) were missing for 2010, month 5:
['/gpfs/scratch/ngoodma3/Marijuana_Legalization_Corpus_Study/lda_prep/lda_prep-2010-5', '/gpfs/scratch/ngoodma3/Marijuana_Legalization_Corpus_Study/total_counts/total_count-2010-5', '/gpfs/scratch/ngoodma3/Marijuana_Legalization_Corpus_Study/nn_prep/nn_prep-2010-5']
Initiating preprocessing of RC_2010-05.bz2at  7:09PM, 05/20/2020
[nltk_data] Downloading package vader_lexicon to
[nltk_data]     /users/ngoodma3/anaconda/marijuana_study/lib/nltk_data
[nltk_data]     ...
[nltk_data]   Package vader_lexicon is already up-to-date!
The following needed processed file(s) were missing for 2010, month 7:
['/gpfs/scratch/ngoodma3/Marijuana_Legalization_Corpus_Study/lda_prep/lda_prep-2010-7', '/gpfs/scratch/ngoodma3/Marijuana_Legalization_Corpus_Study/total_counts/total_count-2010-7', '/gpfs/scratch/ngoodma3/Marijuana_Legalization_Corpus_Study/nn_prep/nn_prep-2010-7']
Initiating preprocessing of RC_2010-07.bz2at  7:09PM, 05/20/2020
[nltk_data] Downloading package vader_lexicon to
[nltk_data]     /users/ngoodma3/anaconda/marijuana_study/lib/nltk_data
[nltk_data]     ...
[nltk_data]   Package vader_lexicon is already up-to-date!
The following needed processed file(s) were missing for 2010, month 9:
['/gpfs/scratch/ngoodma3/Marijuana_Legalization_Corpus_Study/lda_prep/lda_prep-2010-9', '/gpfs/scratch/ngoodma3/Marijuana_Legalization_Corpus_Study/total_counts/total_count-2010-9', '/gpfs/scratch/ngoodma3/Marijuana_Legalization_Corpus_Study/nn_prep/nn_prep-2010-9']
Initiating preprocessing of RC_2010-09.bz2at  7:09PM, 05/20/2020
[nltk_data] Downloading package vader_lexicon to
[nltk_data]     /users/ngoodma3/anaconda/marijuana_study/lib/nltk_data
[nltk_data]     ...
[nltk_data]   Package vader_lexicon is already up-to-date!
The following needed processed file(s) were missing for 2010, month 11:
['/gpfs/scratch/ngoodma3/Marijuana_Legalization_Corpus_Study/lda_prep/lda_prep-2010-11', '/gpfs/scratch/ngoodma3/Marijuana_Legalization_Corpus_Study/total_counts/total_count-2010-11', '/gpfs/scratch/ngoodma3/Marijuana_Legalization_Corpus_Study/nn_prep/nn_prep-2010-11']
Initiating preprocessing of RC_2010-11.bz2at  7:09PM, 05/20/2020
[nltk_data] Downloading package vader_lexicon to
[nltk_data]     /users/ngoodma3/anaconda/marijuana_study/lib/nltk_data
[nltk_data]     ...
[nltk_data]   Package vader_lexicon is already up-to-date!
The following needed processed file(s) were missing for 2011, month 2:
['/gpfs/scratch/ngoodma3/Marijuana_Legalization_Corpus_Study/lda_prep/lda_prep-2011-2', '/gpfs/scratch/ngoodma3/Marijuana_Legalization_Corpus_Study/total_counts/total_count-2011-2', '/gpfs/scratch/ngoodma3/Marijuana_Legalization_Corpus_Study/nn_prep/nn_prep-2011-2']
Initiating preprocessing of RC_2011-02.bz2at  7:09PM, 05/20/2020
[nltk_data] Downloading package vader_lexicon to
[nltk_data]     /users/ngoodma3/anaconda/marijuana_study/lib/nltk_data
[nltk_data]     ...
[nltk_data]   Package vader_lexicon is already up-to-date!
The following needed processed file(s) were missing for 2011, month 4:
['/gpfs/scratch/ngoodma3/Marijuana_Legalization_Corpus_Study/lda_prep/lda_prep-2011-4', '/gpfs/scratch/ngoodma3/Marijuana_Legalization_Corpus_Study/total_counts/total_count-2011-4', '/gpfs/scratch/ngoodma3/Marijuana_Legalization_Corpus_Study/nn_prep/nn_prep-2011-4'][nltk_data] Downloading package vader_lexicon to
[nltk_data]     /users/ngoodma3/anaconda/marijuana_study/lib/nltk_data
[nltk_data]     ...
[nltk_data]   Package vader_lexicon is already up-to-date!

Initiating preprocessing of RC_2011-04.bz2at  7:09PM, 05/20/2020
[pool-1-thread-11] INFO edu.stanford.nlp.pipeline.StanfordCoreNLP - Adding annotator tokenize
The following needed processed file(s) were missing for 2011, month 6:
['/gpfs/scratch/ngoodma3/Marijuana_Legalization_Corpus_Study/lda_prep/lda_prep-2011-6', '/gpfs/scratch/ngoodma3/Marijuana_Legalization_Corpus_Study/total_counts/total_count-2011-6', '/gpfs/scratch/ngoodma3/Marijuana_Legalization_Corpus_Study/nn_prep/nn_prep-2011-6']
Initiating preprocessing of RC_2011-06.bz2at  7:09PM, 05/20/2020
[pool-1-thread-11] INFO edu.stanford.nlp.pipeline.StanfordCoreNLP - Adding annotator ssplit
[pool-1-thread-11] INFO edu.stanford.nlp.pipeline.StanfordCoreNLP - Adding annotator pos
[pool-1-thread-11] INFO edu.stanford.nlp.tagger.maxent.MaxentTagger - Loading POS tagger from edu/stanford/nlp/models/pos-tagger/english-left3words-distsim.tagger ... done [0.4 sec].
[pool-1-thread-11] INFO edu.stanford.nlp.pipeline.StanfordCoreNLP - Adding annotator parse
[pool-1-thread-11] INFO edu.stanford.nlp.parser.common.ParserGrammar - Loading parser from serialized file edu/stanford/nlp/models/srparser/englishSR.ser.gz ... done [12.4 sec].
[pool-1-thread-11] INFO edu.stanford.nlp.pipeline.StanfordCoreNLP - Adding annotator sentiment
[pool-1-thread-11] INFO edu.stanford.nlp.sentiment.SentimentModel - Loading sentiment model edu/stanford/nlp/models/sentiment/sentiment.ser.gz ... done [0.1 sec].
[pool-2-thread-28] WARN edu.stanford.nlp.process.PTBLexer - Untokenizable: ￼ (U+FFFC, decimal: 65532)
[pool-2-thread-15] WARN edu.stanford.nlp.process.PTBLexer - Untokenizable: ‽ (U+203D, decimal: 8253)
slurmstepd: error: *** JOB 12934558 ON node1702 CANCELLED AT 2020-05-20T19:12:41 ***
