## SLURM PROLOG ###############################################################
##    Job ID : 12934541
##  Job Name : Combined_NN
##  Nodelist : node1702
##      CPUs : 
##  Mem/Node : 24576 MB
## Directory : /gpfs/scratch/ngoodma3/Marijuana_Legalization_Corpus_Study
##   Started : Wed May 20 19:00:55 EDT 2020
###############################################################################
module: loading 'anaconda/3-5.2.0'
[main] INFO CoreNLP - --- StanfordCoreNLPServer#main() called ---
[main] INFO CoreNLP - Setting default constituency parser to SR parser: edu/stanford/nlp/models/srparser/englishSR.ser.gz
[main] INFO CoreNLP -     Threads: 32
[main] INFO CoreNLP - Starting server...
[main] INFO CoreNLP - StanfordCoreNLPServer listening at /0:0:0:0:0:0:0:0:9000
Started parsing at  7:01PM, 05/20/2020
Using TensorFlow backend.
[nltk_data] Downloading package vader_lexicon to
[nltk_data]     /users/ngoodma3/anaconda/marijuana_study/lib/nltk_data
[nltk_data]     ...
[nltk_data]   Package vader_lexicon is already up-to-date!
[nltk_data] Downloading package vader_lexicon to
[nltk_data]     /users/ngoodma3/anaconda/marijuana_study/lib/nltk_data
[nltk_data]     ...
[nltk_data]   Package vader_lexicon is already up-to-date!
[pool-1-thread-15] INFO edu.stanford.nlp.pipeline.StanfordCoreNLP - Adding annotator tokenize
[pool-1-thread-15] INFO edu.stanford.nlp.pipeline.StanfordCoreNLP - Adding annotator ssplit
[pool-1-thread-15] INFO edu.stanford.nlp.pipeline.StanfordCoreNLP - Adding annotator pos
[pool-1-thread-15] INFO edu.stanford.nlp.tagger.maxent.MaxentTagger - Loading POS tagger from edu/stanford/nlp/models/pos-tagger/english-left3words-distsim.tagger ... done [0.4 sec].
[pool-1-thread-15] INFO edu.stanford.nlp.pipeline.StanfordCoreNLP - Adding annotator parse
[pool-1-thread-15] INFO edu.stanford.nlp.parser.common.ParserGrammar - Loading parser from serialized file edu/stanford/nlp/models/srparser/englishSR.ser.gz ... done [12.3 sec].
[pool-1-thread-15] INFO edu.stanford.nlp.pipeline.StanfordCoreNLP - Adding annotator sentiment
[pool-1-thread-15] INFO edu.stanford.nlp.sentiment.SentimentModel - Loading sentiment model edu/stanford/nlp/models/sentiment/sentiment.ser.gz ... done [0.1 sec].
[pool-2-thread-32] WARN edu.stanford.nlp.process.PTBLexer - Untokenizable: ￼ (U+FFFC, decimal: 65532)
[pool-2-thread-14] WARN edu.stanford.nlp.process.PTBLexer - Untokenizable: ‽ (U+203D, decimal: 8253)
[pool-2-thread-18] WARN edu.stanford.nlp.process.PTBLexer - Untokenizable:  (U+E000, decimal: 57344)
[pool-2-thread-10] WARN edu.stanford.nlp.process.PTBLexer - Untokenizable:  (U+E000, decimal: 57344)
slurmstepd: error: *** JOB 12934541 ON node1702 CANCELLED AT 2020-05-20T19:08:45 ***
