## SLURM PROLOG ###############################################################
##    Job ID : 12982350
##  Job Name : Combined_NN
##  Nodelist : node1661
##      CPUs : 
##  Mem/Node : 24576 MB
## Directory : /gpfs/scratch/ngoodma3/Marijuana_Legalization_Corpus_Study
##   Started : Sun May 24 16:10:26 EDT 2020
###############################################################################
module: loading 'anaconda/3-5.2.0'

CommandNotFoundError: Your shell has not been properly configured to use 'conda activate'.
If your shell is Bash or a Bourne variant, enable conda for the current user with

    $ echo ". /gpfs/runtime/opt/anaconda/3-5.2.0/etc/profile.d/conda.sh" >> ~/.bashrc

or, for all users, enable conda with

    $ sudo ln -s /gpfs/runtime/opt/anaconda/3-5.2.0/etc/profile.d/conda.sh /etc/profile.d/conda.sh

The options above will permanently enable the 'conda' command, but they do NOT
put conda's base (root) environment on PATH.  To do so, run

    $ conda activate

in your terminal, or to put the base environment on PATH permanently, run

    $ echo "conda activate" >> ~/.bashrc

Previous to conda 4.4, the recommended way to activate conda was to modify PATH in
your ~/.bashrc file.  You should manually remove the line that looks like

    export PATH="/gpfs/runtime/opt/anaconda/3-5.2.0/bin:$PATH"

^^^ The above line should NO LONGER be in your ~/.bashrc file! ^^^


Traceback (most recent call last):
  File "Combined_NN_Model.py", line 6, in <module>
    from pycorenlp import StanfordCoreNLP
ModuleNotFoundError: No module named 'pycorenlp'
