## SLURM PROLOG ###############################################################
##    Job ID : 12983443
##  Job Name : Combined_NN
##  Nodelist : node1116
##      CPUs : 
##  Mem/Node : 24576 MB
## Directory : /gpfs/scratch/ngoodma3/Marijuana_Legalization_Corpus_Study
##   Started : Sun May 24 21:39:52 EDT 2020
###############################################################################
module: loading 'anaconda/3-5.2.0'
[main] INFO CoreNLP - --- StanfordCoreNLPServer#main() called ---
[main] INFO CoreNLP - Setting default constituency parser to SR parser: edu/stanford/nlp/models/srparser/englishSR.ser.gz
[main] INFO CoreNLP -     Threads: 24
[main] INFO CoreNLP - Starting server...
[main] INFO CoreNLP - StanfordCoreNLPServer listening at /0:0:0:0:0:0:0:0:9000
Started parsing at  9:42PM, 05/24/2020
Using TensorFlow backend.
[nltk_data] Error loading vader_lexicon: <urlopen error [Errno 110]
[nltk_data]     Connection timed out>
[nltk_data] Downloading package vader_lexicon to
[nltk_data]     /users/ngoodma3/anaconda/marijuana_study/lib/nltk_data
[nltk_data]     ...
[nltk_data]   Package vader_lexicon is already up-to-date!
[pool-1-thread-8] INFO edu.stanford.nlp.pipeline.StanfordCoreNLP - Adding annotator tokenize
[pool-1-thread-8] INFO edu.stanford.nlp.pipeline.StanfordCoreNLP - Adding annotator ssplit
[pool-1-thread-8] INFO edu.stanford.nlp.pipeline.StanfordCoreNLP - Adding annotator pos
[pool-1-thread-8] INFO edu.stanford.nlp.tagger.maxent.MaxentTagger - Loading POS tagger from edu/stanford/nlp/models/pos-tagger/english-left3words-distsim.tagger ... done [0.4 sec].
[pool-1-thread-8] INFO edu.stanford.nlp.pipeline.StanfordCoreNLP - Adding annotator parse
[pool-1-thread-8] INFO edu.stanford.nlp.parser.common.ParserGrammar - Loading parser from serialized file edu/stanford/nlp/models/srparser/englishSR.ser.gz ... done [11.5 sec].
[pool-1-thread-8] INFO edu.stanford.nlp.pipeline.StanfordCoreNLP - Adding annotator lemma
[pool-1-thread-8] INFO edu.stanford.nlp.pipeline.StanfordCoreNLP - Adding annotator ner
[pool-1-thread-8] INFO edu.stanford.nlp.ie.AbstractSequenceClassifier - Loading classifier from edu/stanford/nlp/models/ner/english.all.3class.distsim.crf.ser.gz ... done [0.7 sec].
[pool-1-thread-8] INFO edu.stanford.nlp.ie.AbstractSequenceClassifier - Loading classifier from edu/stanford/nlp/models/ner/english.muc.7class.distsim.crf.ser.gz ... done [0.4 sec].
[pool-1-thread-8] INFO edu.stanford.nlp.ie.AbstractSequenceClassifier - Loading classifier from edu/stanford/nlp/models/ner/english.conll.4class.distsim.crf.ser.gz ... done [0.4 sec].
[pool-1-thread-8] INFO edu.stanford.nlp.time.JollyDayHolidays - Initializing JollyDayHoliday for SUTime from classpath edu/stanford/nlp/models/sutime/jollyday/Holidays_sutime.xml as sutime.binder.1.
[pool-1-thread-8] INFO edu.stanford.nlp.time.TimeExpressionExtractorImpl - Using following SUTime rules: edu/stanford/nlp/models/sutime/defs.sutime.txt,edu/stanford/nlp/models/sutime/english.sutime.txt,edu/stanford/nlp/models/sutime/english.holidays.sutime.txt
[pool-1-thread-8] INFO edu.stanford.nlp.pipeline.TokensRegexNERAnnotator - ner.fine.regexner: Read 580705 unique entries out of 581864 from edu/stanford/nlp/models/kbp/english/gazetteers/regexner_caseless.tab, 0 TokensRegex patterns.
[pool-1-thread-8] INFO edu.stanford.nlp.pipeline.TokensRegexNERAnnotator - ner.fine.regexner: Read 4869 unique entries out of 4869 from edu/stanford/nlp/models/kbp/english/gazetteers/regexner_cased.tab, 0 TokensRegex patterns.
[pool-1-thread-8] INFO edu.stanford.nlp.pipeline.TokensRegexNERAnnotator - ner.fine.regexner: Read 585574 unique entries from 2 files
[pool-1-thread-8] INFO edu.stanford.nlp.pipeline.NERCombinerAnnotator - Using numeric classifiers: true
[pool-1-thread-8] INFO edu.stanford.nlp.pipeline.NERCombinerAnnotator - Using SUTime: true
[pool-1-thread-8] INFO edu.stanford.nlp.pipeline.NERCombinerAnnotator - Using fine grained: true
[pool-1-thread-8] INFO edu.stanford.nlp.pipeline.StanfordCoreNLP - Adding annotator sentiment
[pool-1-thread-8] INFO edu.stanford.nlp.sentiment.SentimentModel - Loading sentiment model edu/stanford/nlp/models/sentiment/sentiment.ser.gz ... done [0.1 sec].
[pool-1-thread-8] INFO edu.stanford.nlp.pipeline.StanfordCoreNLP - Adding annotator quote
[pool-1-thread-8] INFO edu.stanford.nlp.parser.nndep.DependencyParser - Loading depparse model: edu/stanford/nlp/models/parser/nndep/english_UD.gz ... 
[pool-1-thread-8] INFO edu.stanford.nlp.parser.nndep.DependencyParser - Done reading from disk ... Time elapsed: 1.1 sec
[pool-1-thread-8] INFO edu.stanford.nlp.parser.nndep.Classifier - PreComputed 99990, Elapsed Time: 6.859 (s)
[pool-1-thread-8] INFO edu.stanford.nlp.parser.nndep.DependencyParser - Initializing dependency parser ... done [8.0 sec].
[pool-1-thread-8] WARN CoreNLP - java.lang.IllegalArgumentException: annotator "quote" requires annotation "CanonicalEntityMentionIndexAnnotation". The usual requirements for this annotator are: tokenize,ssplit,pos,lemma,ner
  edu.stanford.nlp.pipeline.StanfordCoreNLP.<init>(StanfordCoreNLP.java:261)
  edu.stanford.nlp.pipeline.StanfordCoreNLP.<init>(StanfordCoreNLP.java:193)
  edu.stanford.nlp.pipeline.StanfordCoreNLP.<init>(StanfordCoreNLP.java:189)
  edu.stanford.nlp.pipeline.StanfordCoreNLPServer.mkStanfordCoreNLP(StanfordCoreNLPServer.java:394)
  edu.stanford.nlp.pipeline.StanfordCoreNLPServer.access$900(StanfordCoreNLPServer.java:51)
  edu.stanford.nlp.pipeline.StanfordCoreNLPServer$CoreNLPHandler.handle(StanfordCoreNLPServer.java:916)
  com.sun.net.httpserver.Filter$Chain.doFilter(Filter.java:79)
  sun.net.httpserver.AuthFilter.doFilter(AuthFilter.java:83)
  com.sun.net.httpserver.Filter$Chain.doFilter(Filter.java:82)
  sun.net.httpserver.ServerImpl$Exchange$LinkHandler.handle(ServerImpl.java:675)
  com.sun.net.httpserver.Filter$Chain.doFilter(Filter.java:79)
  sun.net.httpserver.ServerImpl$Exchange.run(ServerImpl.java:647)
  java.util.concurrent.ThreadPoolExecutor.runWorker(ThreadPoolExecutor.java:1142)
  java.util.concurrent.ThreadPoolExecutor$Worker.run(ThreadPoolExecutor.java:617)
  java.lang.Thread.run(Thread.java:745)
[pool-1-thread-6] INFO edu.stanford.nlp.pipeline.StanfordCoreNLP - Adding annotator tokenize
[pool-1-thread-6] INFO edu.stanford.nlp.pipeline.StanfordCoreNLP - Adding annotator ssplit
[pool-1-thread-6] INFO edu.stanford.nlp.pipeline.StanfordCoreNLP - Adding annotator pos
[pool-1-thread-6] INFO edu.stanford.nlp.pipeline.StanfordCoreNLP - Adding annotator parse
[pool-1-thread-6] INFO edu.stanford.nlp.pipeline.StanfordCoreNLP - Adding annotator lemma
[pool-1-thread-6] INFO edu.stanford.nlp.pipeline.StanfordCoreNLP - Adding annotator ner
[pool-1-thread-6] INFO edu.stanford.nlp.pipeline.StanfordCoreNLP - Adding annotator sentiment
[pool-1-thread-6] INFO edu.stanford.nlp.pipeline.StanfordCoreNLP - Adding annotator quote
[pool-1-thread-6] WARN CoreNLP - java.lang.IllegalArgumentException: annotator "quote" requires annotation "CanonicalEntityMentionIndexAnnotation". The usual requirements for this annotator are: tokenize,ssplit,pos,lemma,ner
  edu.stanford.nlp.pipeline.StanfordCoreNLP.<init>(StanfordCoreNLP.java:261)
  edu.stanford.nlp.pipeline.StanfordCoreNLP.<init>(StanfordCoreNLP.java:193)
  edu.stanford.nlp.pipeline.StanfordCoreNLP.<init>(StanfordCoreNLP.java:189)
  edu.stanford.nlp.pipeline.StanfordCoreNLPServer.mkStanfordCoreNLP(StanfordCoreNLPServer.java:394)
  edu.stanford.nlp.pipeline.StanfordCoreNLPServer.access$900(StanfordCoreNLPServer.java:51)
  edu.stanford.nlp.pipeline.StanfordCoreNLPServer$CoreNLPHandler.handle(StanfordCoreNLPServer.java:916)
  com.sun.net.httpserver.Filter$Chain.doFilter(Filter.java:79)
  sun.net.httpserver.AuthFilter.doFilter(AuthFilter.java:83)
  com.sun.net.httpserver.Filter$Chain.doFilter(Filter.java:82)
  sun.net.httpserver.ServerImpl$Exchange$LinkHandler.handle(ServerImpl.java:675)
  com.sun.net.httpserver.Filter$Chain.doFilter(Filter.java:79)
  sun.net.httpserver.ServerImpl$Exchange.run(ServerImpl.java:647)
  java.util.concurrent.ThreadPoolExecutor.runWorker(ThreadPoolExecutor.java:1142)
  java.util.concurrent.ThreadPoolExecutor$Worker.run(ThreadPoolExecutor.java:617)
  java.lang.Thread.run(Thread.java:745)
[pool-1-thread-4] INFO edu.stanford.nlp.pipeline.StanfordCoreNLP - Adding annotator tokenize
[pool-1-thread-4] INFO edu.stanford.nlp.pipeline.StanfordCoreNLP - Adding annotator ssplit
[pool-1-thread-4] INFO edu.stanford.nlp.pipeline.StanfordCoreNLP - Adding annotator pos
[pool-1-thread-4] INFO edu.stanford.nlp.pipeline.StanfordCoreNLP - Adding annotator parse
[pool-1-thread-4] INFO edu.stanford.nlp.pipeline.StanfordCoreNLP - Adding annotator lemma
[pool-1-thread-4] INFO edu.stanford.nlp.pipeline.StanfordCoreNLP - Adding annotator ner
[pool-1-thread-4] INFO edu.stanford.nlp.pipeline.StanfordCoreNLP - Adding annotator sentiment
[pool-1-thread-4] INFO edu.stanford.nlp.pipeline.StanfordCoreNLP - Adding annotator quote
[pool-1-thread-4] WARN CoreNLP - java.lang.IllegalArgumentException: annotator "quote" requires annotation "CanonicalEntityMentionIndexAnnotation". The usual requirements for this annotator are: tokenize,ssplit,pos,lemma,ner
  edu.stanford.nlp.pipeline.StanfordCoreNLP.<init>(StanfordCoreNLP.java:261)
  edu.stanford.nlp.pipeline.StanfordCoreNLP.<init>(StanfordCoreNLP.java:193)
  edu.stanford.nlp.pipeline.StanfordCoreNLP.<init>(StanfordCoreNLP.java:189)
  edu.stanford.nlp.pipeline.StanfordCoreNLPServer.mkStanfordCoreNLP(StanfordCoreNLPServer.java:394)
  edu.stanford.nlp.pipeline.StanfordCoreNLPServer.access$900(StanfordCoreNLPServer.java:51)
  edu.stanford.nlp.pipeline.StanfordCoreNLPServer$CoreNLPHandler.handle(StanfordCoreNLPServer.java:916)
  com.sun.net.httpserver.Filter$Chain.doFilter(Filter.java:79)
  sun.net.httpserver.AuthFilter.doFilter(AuthFilter.java:83)
  com.sun.net.httpserver.Filter$Chain.doFilter(Filter.java:82)
  sun.net.httpserver.ServerImpl$Exchange$LinkHandler.handle(ServerImpl.java:675)
  com.sun.net.httpserver.Filter$Chain.doFilter(Filter.java:79)
  sun.net.httpserver.ServerImpl$Exchange.run(ServerImpl.java:647)
  java.util.concurrent.ThreadPoolExecutor.runWorker(ThreadPoolExecutor.java:1142)
  java.util.concurrent.ThreadPoolExecutor$Worker.run(ThreadPoolExecutor.java:617)
  java.lang.Thread.run(Thread.java:745)
[pool-1-thread-24] INFO edu.stanford.nlp.pipeline.StanfordCoreNLP - Adding annotator tokenize
[pool-1-thread-24] INFO edu.stanford.nlp.pipeline.StanfordCoreNLP - Adding annotator ssplit
[pool-1-thread-24] INFO edu.stanford.nlp.pipeline.StanfordCoreNLP - Adding annotator pos
[pool-1-thread-24] INFO edu.stanford.nlp.pipeline.StanfordCoreNLP - Adding annotator parse
[pool-1-thread-24] INFO edu.stanford.nlp.pipeline.StanfordCoreNLP - Adding annotator lemma
[pool-1-thread-24] INFO edu.stanford.nlp.pipeline.StanfordCoreNLP - Adding annotator ner
[pool-1-thread-24] INFO edu.stanford.nlp.pipeline.StanfordCoreNLP - Adding annotator sentiment
[pool-1-thread-24] INFO edu.stanford.nlp.pipeline.StanfordCoreNLP - Adding annotator quote
[pool-1-thread-24] WARN CoreNLP - java.lang.IllegalArgumentException: annotator "quote" requires annotation "CanonicalEntityMentionIndexAnnotation". The usual requirements for this annotator are: tokenize,ssplit,pos,lemma,ner
  edu.stanford.nlp.pipeline.StanfordCoreNLP.<init>(StanfordCoreNLP.java:261)
  edu.stanford.nlp.pipeline.StanfordCoreNLP.<init>(StanfordCoreNLP.java:193)
  edu.stanford.nlp.pipeline.StanfordCoreNLP.<init>(StanfordCoreNLP.java:189)
  edu.stanford.nlp.pipeline.StanfordCoreNLPServer.mkStanfordCoreNLP(StanfordCoreNLPServer.java:394)
  edu.stanford.nlp.pipeline.StanfordCoreNLPServer.access$900(StanfordCoreNLPServer.java:51)
  edu.stanford.nlp.pipeline.StanfordCoreNLPServer$CoreNLPHandler.handle(StanfordCoreNLPServer.java:916)
  com.sun.net.httpserver.Filter$Chain.doFilter(Filter.java:79)
  sun.net.httpserver.AuthFilter.doFilter(AuthFilter.java:83)
  com.sun.net.httpserver.Filter$Chain.doFilter(Filter.java:82)
  sun.net.httpserver.ServerImpl$Exchange$LinkHandler.handle(ServerImpl.java:675)
  com.sun.net.httpserver.Filter$Chain.doFilter(Filter.java:79)
  sun.net.httpserver.ServerImpl$Exchange.run(ServerImpl.java:647)
  java.util.concurrent.ThreadPoolExecutor.runWorker(ThreadPoolExecutor.java:1142)
  java.util.concurrent.ThreadPoolExecutor$Worker.run(ThreadPoolExecutor.java:617)
  java.lang.Thread.run(Thread.java:745)
[pool-1-thread-21] INFO edu.stanford.nlp.pipeline.StanfordCoreNLP - Adding annotator tokenize
[pool-1-thread-21] INFO edu.stanford.nlp.pipeline.StanfordCoreNLP - Adding annotator ssplit
[pool-1-thread-21] INFO edu.stanford.nlp.pipeline.StanfordCoreNLP - Adding annotator pos
[pool-1-thread-21] INFO edu.stanford.nlp.pipeline.StanfordCoreNLP - Adding annotator parse
[pool-1-thread-21] INFO edu.stanford.nlp.pipeline.StanfordCoreNLP - Adding annotator lemma
[pool-1-thread-21] INFO edu.stanford.nlp.pipeline.StanfordCoreNLP - Adding annotator ner
[pool-1-thread-21] INFO edu.stanford.nlp.pipeline.StanfordCoreNLP - Adding annotator sentiment
[pool-1-thread-21] INFO edu.stanford.nlp.pipeline.StanfordCoreNLP - Adding annotator quote
[pool-1-thread-21] WARN CoreNLP - java.lang.IllegalArgumentException: annotator "quote" requires annotation "CanonicalEntityMentionIndexAnnotation". The usual requirements for this annotator are: tokenize,ssplit,pos,lemma,ner
  edu.stanford.nlp.pipeline.StanfordCoreNLP.<init>(StanfordCoreNLP.java:261)
  edu.stanford.nlp.pipeline.StanfordCoreNLP.<init>(StanfordCoreNLP.java:193)
  edu.stanford.nlp.pipeline.StanfordCoreNLP.<init>(StanfordCoreNLP.java:189)
  edu.stanford.nlp.pipeline.StanfordCoreNLPServer.mkStanfordCoreNLP(StanfordCoreNLPServer.java:394)
  edu.stanford.nlp.pipeline.StanfordCoreNLPServer.access$900(StanfordCoreNLPServer.java:51)
  edu.stanford.nlp.pipeline.StanfordCoreNLPServer$CoreNLPHandler.handle(StanfordCoreNLPServer.java:916)
  com.sun.net.httpserver.Filter$Chain.doFilter(Filter.java:79)
  sun.net.httpserver.AuthFilter.doFilter(AuthFilter.java:83)
  com.sun.net.httpserver.Filter$Chain.doFilter(Filter.java:82)
  sun.net.httpserver.ServerImpl$Exchange$LinkHandler.handle(ServerImpl.java:675)
  com.sun.net.httpserver.Filter$Chain.doFilter(Filter.java:79)
  sun.net.httpserver.ServerImpl$Exchange.run(ServerImpl.java:647)
  java.util.concurrent.ThreadPoolExecutor.runWorker(ThreadPoolExecutor.java:1142)
  java.util.concurrent.ThreadPoolExecutor$Worker.run(ThreadPoolExecutor.java:617)
  java.lang.Thread.run(Thread.java:745)
[pool-1-thread-17] INFO edu.stanford.nlp.pipeline.StanfordCoreNLP - Adding annotator tokenize
[pool-1-thread-17] INFO edu.stanford.nlp.pipeline.StanfordCoreNLP - Adding annotator ssplit
[pool-1-thread-17] INFO edu.stanford.nlp.pipeline.StanfordCoreNLP - Adding annotator pos
[pool-1-thread-17] INFO edu.stanford.nlp.pipeline.StanfordCoreNLP - Adding annotator parse
[pool-1-thread-17] INFO edu.stanford.nlp.pipeline.StanfordCoreNLP - Adding annotator lemma
[pool-1-thread-17] INFO edu.stanford.nlp.pipeline.StanfordCoreNLP - Adding annotator ner
[pool-1-thread-17] INFO edu.stanford.nlp.pipeline.StanfordCoreNLP - Adding annotator sentiment
[pool-1-thread-17] INFO edu.stanford.nlp.pipeline.StanfordCoreNLP - Adding annotator quote
[pool-1-thread-17] WARN CoreNLP - java.lang.IllegalArgumentException: annotator "quote" requires annotation "CanonicalEntityMentionIndexAnnotation". The usual requirements for this annotator are: tokenize,ssplit,pos,lemma,ner
  edu.stanford.nlp.pipeline.StanfordCoreNLP.<init>(StanfordCoreNLP.java:261)
  edu.stanford.nlp.pipeline.StanfordCoreNLP.<init>(StanfordCoreNLP.java:193)
  edu.stanford.nlp.pipeline.StanfordCoreNLP.<init>(StanfordCoreNLP.java:189)
  edu.stanford.nlp.pipeline.StanfordCoreNLPServer.mkStanfordCoreNLP(StanfordCoreNLPServer.java:394)
  edu.stanford.nlp.pipeline.StanfordCoreNLPServer.access$900(StanfordCoreNLPServer.java:51)
  edu.stanford.nlp.pipeline.StanfordCoreNLPServer$CoreNLPHandler.handle(StanfordCoreNLPServer.java:916)
  com.sun.net.httpserver.Filter$Chain.doFilter(Filter.java:79)
  sun.net.httpserver.AuthFilter.doFilter(AuthFilter.java:83)
  com.sun.net.httpserver.Filter$Chain.doFilter(Filter.java:82)
  sun.net.httpserver.ServerImpl$Exchange$LinkHandler.handle(ServerImpl.java:675)
  com.sun.net.httpserver.Filter$Chain.doFilter(Filter.java:79)
  sun.net.httpserver.ServerImpl$Exchange.run(ServerImpl.java:647)
  java.util.concurrent.ThreadPoolExecutor.runWorker(ThreadPoolExecutor.java:1142)
  java.util.concurrent.ThreadPoolExecutor$Worker.run(ThreadPoolExecutor.java:617)
  java.lang.Thread.run(Thread.java:745)
[pool-1-thread-15] INFO edu.stanford.nlp.pipeline.StanfordCoreNLP - Adding annotator tokenize
[pool-1-thread-15] INFO edu.stanford.nlp.pipeline.StanfordCoreNLP - Adding annotator ssplit
[pool-1-thread-15] INFO edu.stanford.nlp.pipeline.StanfordCoreNLP - Adding annotator pos
[pool-1-thread-15] INFO edu.stanford.nlp.pipeline.StanfordCoreNLP - Adding annotator parse
[pool-1-thread-15] INFO edu.stanford.nlp.pipeline.StanfordCoreNLP - Adding annotator lemma
[pool-1-thread-15] INFO edu.stanford.nlp.pipeline.StanfordCoreNLP - Adding annotator ner
[pool-1-thread-15] INFO edu.stanford.nlp.pipeline.StanfordCoreNLP - Adding annotator sentiment
[pool-1-thread-15] INFO edu.stanford.nlp.pipeline.StanfordCoreNLP - Adding annotator quote
[pool-1-thread-15] WARN CoreNLP - java.lang.IllegalArgumentException: annotator "quote" requires annotation "CanonicalEntityMentionIndexAnnotation". The usual requirements for this annotator are: tokenize,ssplit,pos,lemma,ner
  edu.stanford.nlp.pipeline.StanfordCoreNLP.<init>(StanfordCoreNLP.java:261)
  edu.stanford.nlp.pipeline.StanfordCoreNLP.<init>(StanfordCoreNLP.java:193)
  edu.stanford.nlp.pipeline.StanfordCoreNLP.<init>(StanfordCoreNLP.java:189)
  edu.stanford.nlp.pipeline.StanfordCoreNLPServer.mkStanfordCoreNLP(StanfordCoreNLPServer.java:394)
  edu.stanford.nlp.pipeline.StanfordCoreNLPServer.access$900(StanfordCoreNLPServer.java:51)
  edu.stanford.nlp.pipeline.StanfordCoreNLPServer$CoreNLPHandler.handle(StanfordCoreNLPServer.java:916)
  com.sun.net.httpserver.Filter$Chain.doFilter(Filter.java:79)
  sun.net.httpserver.AuthFilter.doFilter(AuthFilter.java:83)
  com.sun.net.httpserver.Filter$Chain.doFilter(Filter.java:82)
  sun.net.httpserver.ServerImpl$Exchange$LinkHandler.handle(ServerImpl.java:675)
  com.sun.net.httpserver.Filter$Chain.doFilter(Filter.java:79)
  sun.net.httpserver.ServerImpl$Exchange.run(ServerImpl.java:647)
  java.util.concurrent.ThreadPoolExecutor.runWorker(ThreadPoolExecutor.java:1142)
  java.util.concurrent.ThreadPoolExecutor$Worker.run(ThreadPoolExecutor.java:617)
  java.lang.Thread.run(Thread.java:745)
[pool-1-thread-11] INFO edu.stanford.nlp.pipeline.StanfordCoreNLP - Adding annotator tokenize
[pool-1-thread-11] INFO edu.stanford.nlp.pipeline.StanfordCoreNLP - Adding annotator ssplit
[pool-1-thread-11] INFO edu.stanford.nlp.pipeline.StanfordCoreNLP - Adding annotator pos
[pool-1-thread-11] INFO edu.stanford.nlp.pipeline.StanfordCoreNLP - Adding annotator parse
[pool-1-thread-11] INFO edu.stanford.nlp.pipeline.StanfordCoreNLP - Adding annotator lemma
[pool-1-thread-11] INFO edu.stanford.nlp.pipeline.StanfordCoreNLP - Adding annotator ner
[pool-1-thread-11] INFO edu.stanford.nlp.pipeline.StanfordCoreNLP - Adding annotator sentiment
[pool-1-thread-11] INFO edu.stanford.nlp.pipeline.StanfordCoreNLP - Adding annotator quote
[pool-1-thread-11] WARN CoreNLP - java.lang.IllegalArgumentException: annotator "quote" requires annotation "CanonicalEntityMentionIndexAnnotation". The usual requirements for this annotator are: tokenize,ssplit,pos,lemma,ner
  edu.stanford.nlp.pipeline.StanfordCoreNLP.<init>(StanfordCoreNLP.java:261)
  edu.stanford.nlp.pipeline.StanfordCoreNLP.<init>(StanfordCoreNLP.java:193)
  edu.stanford.nlp.pipeline.StanfordCoreNLP.<init>(StanfordCoreNLP.java:189)
  edu.stanford.nlp.pipeline.StanfordCoreNLPServer.mkStanfordCoreNLP(StanfordCoreNLPServer.java:394)
  edu.stanford.nlp.pipeline.StanfordCoreNLPServer.access$900(StanfordCoreNLPServer.java:51)
  edu.stanford.nlp.pipeline.StanfordCoreNLPServer$CoreNLPHandler.handle(StanfordCoreNLPServer.java:916)
  com.sun.net.httpserver.Filter$Chain.doFilter(Filter.java:79)
  sun.net.httpserver.AuthFilter.doFilter(AuthFilter.java:83)
  com.sun.net.httpserver.Filter$Chain.doFilter(Filter.java:82)
  sun.net.httpserver.ServerImpl$Exchange$LinkHandler.handle(ServerImpl.java:675)
  com.sun.net.httpserver.Filter$Chain.doFilter(Filter.java:79)
  sun.net.httpserver.ServerImpl$Exchange.run(ServerImpl.java:647)
  java.util.concurrent.ThreadPoolExecutor.runWorker(ThreadPoolExecutor.java:1142)
  java.util.concurrent.ThreadPoolExecutor$Worker.run(ThreadPoolExecutor.java:617)
  java.lang.Thread.run(Thread.java:745)
[pool-1-thread-9] INFO edu.stanford.nlp.pipeline.StanfordCoreNLP - Adding annotator tokenize
[pool-1-thread-9] INFO edu.stanford.nlp.pipeline.StanfordCoreNLP - Adding annotator ssplit
[pool-1-thread-9] INFO edu.stanford.nlp.pipeline.StanfordCoreNLP - Adding annotator pos
[pool-1-thread-9] INFO edu.stanford.nlp.pipeline.StanfordCoreNLP - Adding annotator parse
[pool-1-thread-9] INFO edu.stanford.nlp.pipeline.StanfordCoreNLP - Adding annotator lemma
[pool-1-thread-9] INFO edu.stanford.nlp.pipeline.StanfordCoreNLP - Adding annotator ner
[pool-1-thread-9] INFO edu.stanford.nlp.pipeline.StanfordCoreNLP - Adding annotator sentiment
[pool-1-thread-9] INFO edu.stanford.nlp.pipeline.StanfordCoreNLP - Adding annotator quote
[pool-1-thread-9] WARN CoreNLP - java.lang.IllegalArgumentException: annotator "quote" requires annotation "CanonicalEntityMentionIndexAnnotation". The usual requirements for this annotator are: tokenize,ssplit,pos,lemma,ner
  edu.stanford.nlp.pipeline.StanfordCoreNLP.<init>(StanfordCoreNLP.java:261)
  edu.stanford.nlp.pipeline.StanfordCoreNLP.<init>(StanfordCoreNLP.java:193)
  edu.stanford.nlp.pipeline.StanfordCoreNLP.<init>(StanfordCoreNLP.java:189)
  edu.stanford.nlp.pipeline.StanfordCoreNLPServer.mkStanfordCoreNLP(StanfordCoreNLPServer.java:394)
  edu.stanford.nlp.pipeline.StanfordCoreNLPServer.access$900(StanfordCoreNLPServer.java:51)
  edu.stanford.nlp.pipeline.StanfordCoreNLPServer$CoreNLPHandler.handle(StanfordCoreNLPServer.java:916)
  com.sun.net.httpserver.Filter$Chain.doFilter(Filter.java:79)
  sun.net.httpserver.AuthFilter.doFilter(AuthFilter.java:83)
  com.sun.net.httpserver.Filter$Chain.doFilter(Filter.java:82)
  sun.net.httpserver.ServerImpl$Exchange$LinkHandler.handle(ServerImpl.java:675)
  com.sun.net.httpserver.Filter$Chain.doFilter(Filter.java:79)
  sun.net.httpserver.ServerImpl$Exchange.run(ServerImpl.java:647)
  java.util.concurrent.ThreadPoolExecutor.runWorker(ThreadPoolExecutor.java:1142)
  java.util.concurrent.ThreadPoolExecutor$Worker.run(ThreadPoolExecutor.java:617)
  java.lang.Thread.run(Thread.java:745)
[pool-1-thread-7] INFO edu.stanford.nlp.pipeline.StanfordCoreNLP - Adding annotator tokenize
[pool-1-thread-7] INFO edu.stanford.nlp.pipeline.StanfordCoreNLP - Adding annotator ssplit
[pool-1-thread-7] INFO edu.stanford.nlp.pipeline.StanfordCoreNLP - Adding annotator pos
[pool-1-thread-7] INFO edu.stanford.nlp.pipeline.StanfordCoreNLP - Adding annotator parse
[pool-1-thread-7] INFO edu.stanford.nlp.pipeline.StanfordCoreNLP - Adding annotator lemma
[pool-1-thread-7] INFO edu.stanford.nlp.pipeline.StanfordCoreNLP - Adding annotator ner
[pool-1-thread-7] INFO edu.stanford.nlp.pipeline.StanfordCoreNLP - Adding annotator sentiment
[pool-1-thread-7] INFO edu.stanford.nlp.pipeline.StanfordCoreNLP - Adding annotator quote
[pool-1-thread-7] WARN CoreNLP - java.lang.IllegalArgumentException: annotator "quote" requires annotation "CanonicalEntityMentionIndexAnnotation". The usual requirements for this annotator are: tokenize,ssplit,pos,lemma,ner
  edu.stanford.nlp.pipeline.StanfordCoreNLP.<init>(StanfordCoreNLP.java:261)
  edu.stanford.nlp.pipeline.StanfordCoreNLP.<init>(StanfordCoreNLP.java:193)
  edu.stanford.nlp.pipeline.StanfordCoreNLP.<init>(StanfordCoreNLP.java:189)
  edu.stanford.nlp.pipeline.StanfordCoreNLPServer.mkStanfordCoreNLP(StanfordCoreNLPServer.java:394)
  edu.stanford.nlp.pipeline.StanfordCoreNLPServer.access$900(StanfordCoreNLPServer.java:51)
  edu.stanford.nlp.pipeline.StanfordCoreNLPServer$CoreNLPHandler.handle(StanfordCoreNLPServer.java:916)
  com.sun.net.httpserver.Filter$Chain.doFilter(Filter.java:79)
  sun.net.httpserver.AuthFilter.doFilter(AuthFilter.java:83)
  com.sun.net.httpserver.Filter$Chain.doFilter(Filter.java:82)
  sun.net.httpserver.ServerImpl$Exchange$LinkHandler.handle(ServerImpl.java:675)
  com.sun.net.httpserver.Filter$Chain.doFilter(Filter.java:79)
  sun.net.httpserver.ServerImpl$Exchange.run(ServerImpl.java:647)
  java.util.concurrent.ThreadPoolExecutor.runWorker(ThreadPoolExecutor.java:1142)
  java.util.concurrent.ThreadPoolExecutor$Worker.run(ThreadPoolExecutor.java:617)
  java.lang.Thread.run(Thread.java:745)
[pool-1-thread-18] INFO edu.stanford.nlp.pipeline.StanfordCoreNLP - Adding annotator tokenize
[pool-1-thread-18] INFO edu.stanford.nlp.pipeline.StanfordCoreNLP - Adding annotator ssplit
[pool-1-thread-18] INFO edu.stanford.nlp.pipeline.StanfordCoreNLP - Adding annotator pos
[pool-1-thread-18] INFO edu.stanford.nlp.pipeline.StanfordCoreNLP - Adding annotator parse
[pool-1-thread-18] INFO edu.stanford.nlp.pipeline.StanfordCoreNLP - Adding annotator lemma
[pool-1-thread-18] INFO edu.stanford.nlp.pipeline.StanfordCoreNLP - Adding annotator ner
[pool-1-thread-18] INFO edu.stanford.nlp.pipeline.StanfordCoreNLP - Adding annotator sentiment
[pool-1-thread-18] INFO edu.stanford.nlp.pipeline.StanfordCoreNLP - Adding annotator quote
[pool-1-thread-18] WARN CoreNLP - java.lang.IllegalArgumentException: annotator "quote" requires annotation "CanonicalEntityMentionIndexAnnotation". The usual requirements for this annotator are: tokenize,ssplit,pos,lemma,ner
  edu.stanford.nlp.pipeline.StanfordCoreNLP.<init>(StanfordCoreNLP.java:261)
  edu.stanford.nlp.pipeline.StanfordCoreNLP.<init>(StanfordCoreNLP.java:193)
  edu.stanford.nlp.pipeline.StanfordCoreNLP.<init>(StanfordCoreNLP.java:189)
  edu.stanford.nlp.pipeline.StanfordCoreNLPServer.mkStanfordCoreNLP(StanfordCoreNLPServer.java:394)
  edu.stanford.nlp.pipeline.StanfordCoreNLPServer.access$900(StanfordCoreNLPServer.java:51)
  edu.stanford.nlp.pipeline.StanfordCoreNLPServer$CoreNLPHandler.handle(StanfordCoreNLPServer.java:916)
  com.sun.net.httpserver.Filter$Chain.doFilter(Filter.java:79)
  sun.net.httpserver.AuthFilter.doFilter(AuthFilter.java:83)
  com.sun.net.httpserver.Filter$Chain.doFilter(Filter.java:82)
  sun.net.httpserver.ServerImpl$Exchange$LinkHandler.handle(ServerImpl.java:675)
  com.sun.net.httpserver.Filter$Chain.doFilter(Filter.java:79)
  sun.net.httpserver.ServerImpl$Exchange.run(ServerImpl.java:647)
  java.util.concurrent.ThreadPoolExecutor.runWorker(ThreadPoolExecutor.java:1142)
  java.util.concurrent.ThreadPoolExecutor$Worker.run(ThreadPoolExecutor.java:617)
  java.lang.Thread.run(Thread.java:745)
[pool-1-thread-19] INFO edu.stanford.nlp.pipeline.StanfordCoreNLP - Adding annotator tokenize
[pool-1-thread-19] INFO edu.stanford.nlp.pipeline.StanfordCoreNLP - Adding annotator ssplit
[pool-1-thread-19] INFO edu.stanford.nlp.pipeline.StanfordCoreNLP - Adding annotator pos
[pool-1-thread-19] INFO edu.stanford.nlp.pipeline.StanfordCoreNLP - Adding annotator parse
[pool-1-thread-19] INFO edu.stanford.nlp.pipeline.StanfordCoreNLP - Adding annotator lemma
[pool-1-thread-19] INFO edu.stanford.nlp.pipeline.StanfordCoreNLP - Adding annotator ner
[pool-1-thread-19] INFO edu.stanford.nlp.pipeline.StanfordCoreNLP - Adding annotator sentiment
[pool-1-thread-19] INFO edu.stanford.nlp.pipeline.StanfordCoreNLP - Adding annotator quote
[pool-1-thread-19] WARN CoreNLP - java.lang.IllegalArgumentException: annotator "quote" requires annotation "CanonicalEntityMentionIndexAnnotation". The usual requirements for this annotator are: tokenize,ssplit,pos,lemma,ner
  edu.stanford.nlp.pipeline.StanfordCoreNLP.<init>(StanfordCoreNLP.java:261)
  edu.stanford.nlp.pipeline.StanfordCoreNLP.<init>(StanfordCoreNLP.java:193)
  edu.stanford.nlp.pipeline.StanfordCoreNLP.<init>(StanfordCoreNLP.java:189)
  edu.stanford.nlp.pipeline.StanfordCoreNLPServer.mkStanfordCoreNLP(StanfordCoreNLPServer.java:394)
  edu.stanford.nlp.pipeline.StanfordCoreNLPServer.access$900(StanfordCoreNLPServer.java:51)
  edu.stanford.nlp.pipeline.StanfordCoreNLPServer$CoreNLPHandler.handle(StanfordCoreNLPServer.java:916)
  com.sun.net.httpserver.Filter$Chain.doFilter(Filter.java:79)
  sun.net.httpserver.AuthFilter.doFilter(AuthFilter.java:83)
  com.sun.net.httpserver.Filter$Chain.doFilter(Filter.java:82)
  sun.net.httpserver.ServerImpl$Exchange$LinkHandler.handle(ServerImpl.java:675)
  com.sun.net.httpserver.Filter$Chain.doFilter(Filter.java:79)
  sun.net.httpserver.ServerImpl$Exchange.run(ServerImpl.java:647)
  java.util.concurrent.ThreadPoolExecutor.runWorker(ThreadPoolExecutor.java:1142)
  java.util.concurrent.ThreadPoolExecutor$Worker.run(ThreadPoolExecutor.java:617)
  java.lang.Thread.run(Thread.java:745)
[pool-1-thread-22] INFO edu.stanford.nlp.pipeline.StanfordCoreNLP - Adding annotator tokenize
[pool-1-thread-22] INFO edu.stanford.nlp.pipeline.StanfordCoreNLP - Adding annotator ssplit
[pool-1-thread-22] INFO edu.stanford.nlp.pipeline.StanfordCoreNLP - Adding annotator pos
[pool-1-thread-22] INFO edu.stanford.nlp.pipeline.StanfordCoreNLP - Adding annotator parse
[pool-1-thread-22] INFO edu.stanford.nlp.pipeline.StanfordCoreNLP - Adding annotator lemma
[pool-1-thread-22] INFO edu.stanford.nlp.pipeline.StanfordCoreNLP - Adding annotator ner
[pool-1-thread-22] INFO edu.stanford.nlp.pipeline.StanfordCoreNLP - Adding annotator sentiment
[pool-1-thread-22] INFO edu.stanford.nlp.pipeline.StanfordCoreNLP - Adding annotator quote
[pool-1-thread-22] WARN CoreNLP - java.lang.IllegalArgumentException: annotator "quote" requires annotation "CanonicalEntityMentionIndexAnnotation". The usual requirements for this annotator are: tokenize,ssplit,pos,lemma,ner
  edu.stanford.nlp.pipeline.StanfordCoreNLP.<init>(StanfordCoreNLP.java:261)
  edu.stanford.nlp.pipeline.StanfordCoreNLP.<init>(StanfordCoreNLP.java:193)
  edu.stanford.nlp.pipeline.StanfordCoreNLP.<init>(StanfordCoreNLP.java:189)
  edu.stanford.nlp.pipeline.StanfordCoreNLPServer.mkStanfordCoreNLP(StanfordCoreNLPServer.java:394)
  edu.stanford.nlp.pipeline.StanfordCoreNLPServer.access$900(StanfordCoreNLPServer.java:51)
  edu.stanford.nlp.pipeline.StanfordCoreNLPServer$CoreNLPHandler.handle(StanfordCoreNLPServer.java:916)
  com.sun.net.httpserver.Filter$Chain.doFilter(Filter.java:79)
  sun.net.httpserver.AuthFilter.doFilter(AuthFilter.java:83)
  com.sun.net.httpserver.Filter$Chain.doFilter(Filter.java:82)
  sun.net.httpserver.ServerImpl$Exchange$LinkHandler.handle(ServerImpl.java:675)
  com.sun.net.httpserver.Filter$Chain.doFilter(Filter.java:79)
  sun.net.httpserver.ServerImpl$Exchange.run(ServerImpl.java:647)
  java.util.concurrent.ThreadPoolExecutor.runWorker(ThreadPoolExecutor.java:1142)
  java.util.concurrent.ThreadPoolExecutor$Worker.run(ThreadPoolExecutor.java:617)
  java.lang.Thread.run(Thread.java:745)
[pool-1-thread-1] INFO edu.stanford.nlp.pipeline.StanfordCoreNLP - Adding annotator tokenize
[pool-1-thread-1] INFO edu.stanford.nlp.pipeline.StanfordCoreNLP - Adding annotator ssplit
[pool-1-thread-1] INFO edu.stanford.nlp.pipeline.StanfordCoreNLP - Adding annotator pos
[pool-1-thread-1] INFO edu.stanford.nlp.pipeline.StanfordCoreNLP - Adding annotator parse
[pool-1-thread-1] INFO edu.stanford.nlp.pipeline.StanfordCoreNLP - Adding annotator lemma
[pool-1-thread-1] INFO edu.stanford.nlp.pipeline.StanfordCoreNLP - Adding annotator ner
[pool-1-thread-1] INFO edu.stanford.nlp.pipeline.StanfordCoreNLP - Adding annotator sentiment
[pool-1-thread-1] INFO edu.stanford.nlp.pipeline.StanfordCoreNLP - Adding annotator quote
[pool-1-thread-1] WARN CoreNLP - java.lang.IllegalArgumentException: annotator "quote" requires annotation "CanonicalEntityMentionIndexAnnotation". The usual requirements for this annotator are: tokenize,ssplit,pos,lemma,ner
  edu.stanford.nlp.pipeline.StanfordCoreNLP.<init>(StanfordCoreNLP.java:261)
  edu.stanford.nlp.pipeline.StanfordCoreNLP.<init>(StanfordCoreNLP.java:193)
  edu.stanford.nlp.pipeline.StanfordCoreNLP.<init>(StanfordCoreNLP.java:189)
  edu.stanford.nlp.pipeline.StanfordCoreNLPServer.mkStanfordCoreNLP(StanfordCoreNLPServer.java:394)
  edu.stanford.nlp.pipeline.StanfordCoreNLPServer.access$900(StanfordCoreNLPServer.java:51)
  edu.stanford.nlp.pipeline.StanfordCoreNLPServer$CoreNLPHandler.handle(StanfordCoreNLPServer.java:916)
  com.sun.net.httpserver.Filter$Chain.doFilter(Filter.java:79)
  sun.net.httpserver.AuthFilter.doFilter(AuthFilter.java:83)
  com.sun.net.httpserver.Filter$Chain.doFilter(Filter.java:82)
  sun.net.httpserver.ServerImpl$Exchange$LinkHandler.handle(ServerImpl.java:675)
  com.sun.net.httpserver.Filter$Chain.doFilter(Filter.java:79)
  sun.net.httpserver.ServerImpl$Exchange.run(ServerImpl.java:647)
  java.util.concurrent.ThreadPoolExecutor.runWorker(ThreadPoolExecutor.java:1142)
  java.util.concurrent.ThreadPoolExecutor$Worker.run(ThreadPoolExecutor.java:617)
  java.lang.Thread.run(Thread.java:745)
[pool-1-thread-8] INFO edu.stanford.nlp.pipeline.StanfordCoreNLP - Adding annotator tokenize
[pool-1-thread-8] INFO edu.stanford.nlp.pipeline.StanfordCoreNLP - Adding annotator ssplit
[pool-1-thread-8] INFO edu.stanford.nlp.pipeline.StanfordCoreNLP - Adding annotator pos
[pool-1-thread-8] INFO edu.stanford.nlp.pipeline.StanfordCoreNLP - Adding annotator parse
[pool-1-thread-8] INFO edu.stanford.nlp.pipeline.StanfordCoreNLP - Adding annotator lemma
[pool-1-thread-8] INFO edu.stanford.nlp.pipeline.StanfordCoreNLP - Adding annotator ner
[pool-1-thread-8] INFO edu.stanford.nlp.pipeline.StanfordCoreNLP - Adding annotator sentiment
[pool-1-thread-8] INFO edu.stanford.nlp.pipeline.StanfordCoreNLP - Adding annotator quote
[pool-1-thread-8] WARN CoreNLP - java.lang.IllegalArgumentException: annotator "quote" requires annotation "CanonicalEntityMentionIndexAnnotation". The usual requirements for this annotator are: tokenize,ssplit,pos,lemma,ner
  edu.stanford.nlp.pipeline.StanfordCoreNLP.<init>(StanfordCoreNLP.java:261)
  edu.stanford.nlp.pipeline.StanfordCoreNLP.<init>(StanfordCoreNLP.java:193)
  edu.stanford.nlp.pipeline.StanfordCoreNLP.<init>(StanfordCoreNLP.java:189)
  edu.stanford.nlp.pipeline.StanfordCoreNLPServer.mkStanfordCoreNLP(StanfordCoreNLPServer.java:394)
  edu.stanford.nlp.pipeline.StanfordCoreNLPServer.access$900(StanfordCoreNLPServer.java:51)
  edu.stanford.nlp.pipeline.StanfordCoreNLPServer$CoreNLPHandler.handle(StanfordCoreNLPServer.java:916)
  com.sun.net.httpserver.Filter$Chain.doFilter(Filter.java:79)
  sun.net.httpserver.AuthFilter.doFilter(AuthFilter.java:83)
  com.sun.net.httpserver.Filter$Chain.doFilter(Filter.java:82)
  sun.net.httpserver.ServerImpl$Exchange$LinkHandler.handle(ServerImpl.java:675)
  com.sun.net.httpserver.Filter$Chain.doFilter(Filter.java:79)
  sun.net.httpserver.ServerImpl$Exchange.run(ServerImpl.java:647)
  java.util.concurrent.ThreadPoolExecutor.runWorker(ThreadPoolExecutor.java:1142)
  java.util.concurrent.ThreadPoolExecutor$Worker.run(ThreadPoolExecutor.java:617)
  java.lang.Thread.run(Thread.java:745)
[pool-1-thread-24] INFO edu.stanford.nlp.pipeline.StanfordCoreNLP - Adding annotator tokenize
[pool-1-thread-24] INFO edu.stanford.nlp.pipeline.StanfordCoreNLP - Adding annotator ssplit
[pool-1-thread-24] INFO edu.stanford.nlp.pipeline.StanfordCoreNLP - Adding annotator pos
[pool-1-thread-24] INFO edu.stanford.nlp.pipeline.StanfordCoreNLP - Adding annotator parse
[pool-1-thread-24] INFO edu.stanford.nlp.pipeline.StanfordCoreNLP - Adding annotator lemma
[pool-1-thread-24] INFO edu.stanford.nlp.pipeline.StanfordCoreNLP - Adding annotator ner
[pool-1-thread-24] INFO edu.stanford.nlp.pipeline.StanfordCoreNLP - Adding annotator sentiment
[pool-1-thread-24] INFO edu.stanford.nlp.pipeline.StanfordCoreNLP - Adding annotator quote
[pool-1-thread-24] WARN CoreNLP - java.lang.IllegalArgumentException: annotator "quote" requires annotation "CanonicalEntityMentionIndexAnnotation". The usual requirements for this annotator are: tokenize,ssplit,pos,lemma,ner
  edu.stanford.nlp.pipeline.StanfordCoreNLP.<init>(StanfordCoreNLP.java:261)
  edu.stanford.nlp.pipeline.StanfordCoreNLP.<init>(StanfordCoreNLP.java:193)
  edu.stanford.nlp.pipeline.StanfordCoreNLP.<init>(StanfordCoreNLP.java:189)
  edu.stanford.nlp.pipeline.StanfordCoreNLPServer.mkStanfordCoreNLP(StanfordCoreNLPServer.java:394)
  edu.stanford.nlp.pipeline.StanfordCoreNLPServer.access$900(StanfordCoreNLPServer.java:51)
  edu.stanford.nlp.pipeline.StanfordCoreNLPServer$CoreNLPHandler.handle(StanfordCoreNLPServer.java:916)
  com.sun.net.httpserver.Filter$Chain.doFilter(Filter.java:79)
  sun.net.httpserver.AuthFilter.doFilter(AuthFilter.java:83)
  com.sun.net.httpserver.Filter$Chain.doFilter(Filter.java:82)
  sun.net.httpserver.ServerImpl$Exchange$LinkHandler.handle(ServerImpl.java:675)
  com.sun.net.httpserver.Filter$Chain.doFilter(Filter.java:79)
  sun.net.httpserver.ServerImpl$Exchange.run(ServerImpl.java:647)
  java.util.concurrent.ThreadPoolExecutor.runWorker(ThreadPoolExecutor.java:1142)
  java.util.concurrent.ThreadPoolExecutor$Worker.run(ThreadPoolExecutor.java:617)
  java.lang.Thread.run(Thread.java:745)
[pool-1-thread-15] INFO edu.stanford.nlp.pipeline.StanfordCoreNLP - Adding annotator tokenize
[pool-1-thread-15] INFO edu.stanford.nlp.pipeline.StanfordCoreNLP - Adding annotator ssplit
[pool-1-thread-15] INFO edu.stanford.nlp.pipeline.StanfordCoreNLP - Adding annotator pos
[pool-1-thread-15] INFO edu.stanford.nlp.pipeline.StanfordCoreNLP - Adding annotator parse
[pool-1-thread-15] INFO edu.stanford.nlp.pipeline.StanfordCoreNLP - Adding annotator lemma
[pool-1-thread-15] INFO edu.stanford.nlp.pipeline.StanfordCoreNLP - Adding annotator ner
[pool-1-thread-15] INFO edu.stanford.nlp.pipeline.StanfordCoreNLP - Adding annotator sentiment
[pool-1-thread-15] INFO edu.stanford.nlp.pipeline.StanfordCoreNLP - Adding annotator quote
[pool-1-thread-15] WARN CoreNLP - java.lang.IllegalArgumentException: annotator "quote" requires annotation "CanonicalEntityMentionIndexAnnotation". The usual requirements for this annotator are: tokenize,ssplit,pos,lemma,ner
  edu.stanford.nlp.pipeline.StanfordCoreNLP.<init>(StanfordCoreNLP.java:261)
  edu.stanford.nlp.pipeline.StanfordCoreNLP.<init>(StanfordCoreNLP.java:193)
  edu.stanford.nlp.pipeline.StanfordCoreNLP.<init>(StanfordCoreNLP.java:189)
  edu.stanford.nlp.pipeline.StanfordCoreNLPServer.mkStanfordCoreNLP(StanfordCoreNLPServer.java:394)
  edu.stanford.nlp.pipeline.StanfordCoreNLPServer.access$900(StanfordCoreNLPServer.java:51)
  edu.stanford.nlp.pipeline.StanfordCoreNLPServer$CoreNLPHandler.handle(StanfordCoreNLPServer.java:916)
  com.sun.net.httpserver.Filter$Chain.doFilter(Filter.java:79)
  sun.net.httpserver.AuthFilter.doFilter(AuthFilter.java:83)
  com.sun.net.httpserver.Filter$Chain.doFilter(Filter.java:82)
  sun.net.httpserver.ServerImpl$Exchange$LinkHandler.handle(ServerImpl.java:675)
  com.sun.net.httpserver.Filter$Chain.doFilter(Filter.java:79)
  sun.net.httpserver.ServerImpl$Exchange.run(ServerImpl.java:647)
  java.util.concurrent.ThreadPoolExecutor.runWorker(ThreadPoolExecutor.java:1142)
  java.util.concurrent.ThreadPoolExecutor$Worker.run(ThreadPoolExecutor.java:617)
  java.lang.Thread.run(Thread.java:745)
[pool-1-thread-7] INFO edu.stanford.nlp.pipeline.StanfordCoreNLP - Adding annotator tokenize
[pool-1-thread-7] INFO edu.stanford.nlp.pipeline.StanfordCoreNLP - Adding annotator ssplit
[pool-1-thread-7] INFO edu.stanford.nlp.pipeline.StanfordCoreNLP - Adding annotator pos
[pool-1-thread-7] INFO edu.stanford.nlp.pipeline.StanfordCoreNLP - Adding annotator parse
[pool-1-thread-7] INFO edu.stanford.nlp.pipeline.StanfordCoreNLP - Adding annotator lemma
[pool-1-thread-7] INFO edu.stanford.nlp.pipeline.StanfordCoreNLP - Adding annotator ner
[pool-1-thread-7] INFO edu.stanford.nlp.pipeline.StanfordCoreNLP - Adding annotator sentiment
[pool-1-thread-7] INFO edu.stanford.nlp.pipeline.StanfordCoreNLP - Adding annotator quote
[pool-1-thread-7] WARN CoreNLP - java.lang.IllegalArgumentException: annotator "quote" requires annotation "CanonicalEntityMentionIndexAnnotation". The usual requirements for this annotator are: tokenize,ssplit,pos,lemma,ner
  edu.stanford.nlp.pipeline.StanfordCoreNLP.<init>(StanfordCoreNLP.java:261)
  edu.stanford.nlp.pipeline.StanfordCoreNLP.<init>(StanfordCoreNLP.java:193)
  edu.stanford.nlp.pipeline.StanfordCoreNLP.<init>(StanfordCoreNLP.java:189)
  edu.stanford.nlp.pipeline.StanfordCoreNLPServer.mkStanfordCoreNLP(StanfordCoreNLPServer.java:394)
  edu.stanford.nlp.pipeline.StanfordCoreNLPServer.access$900(StanfordCoreNLPServer.java:51)
  edu.stanford.nlp.pipeline.StanfordCoreNLPServer$CoreNLPHandler.handle(StanfordCoreNLPServer.java:916)
  com.sun.net.httpserver.Filter$Chain.doFilter(Filter.java:79)
  sun.net.httpserver.AuthFilter.doFilter(AuthFilter.java:83)
  com.sun.net.httpserver.Filter$Chain.doFilter(Filter.java:82)
  sun.net.httpserver.ServerImpl$Exchange$LinkHandler.handle(ServerImpl.java:675)
  com.sun.net.httpserver.Filter$Chain.doFilter(Filter.java:79)
  sun.net.httpserver.ServerImpl$Exchange.run(ServerImpl.java:647)
  java.util.concurrent.ThreadPoolExecutor.runWorker(ThreadPoolExecutor.java:1142)
  java.util.concurrent.ThreadPoolExecutor$Worker.run(ThreadPoolExecutor.java:617)
  java.lang.Thread.run(Thread.java:745)
[pool-1-thread-13] INFO edu.stanford.nlp.pipeline.StanfordCoreNLP - Adding annotator tokenize
[pool-1-thread-13] INFO edu.stanford.nlp.pipeline.StanfordCoreNLP - Adding annotator ssplit
[pool-1-thread-13] INFO edu.stanford.nlp.pipeline.StanfordCoreNLP - Adding annotator pos
[pool-1-thread-13] INFO edu.stanford.nlp.pipeline.StanfordCoreNLP - Adding annotator parse
[pool-1-thread-13] INFO edu.stanford.nlp.pipeline.StanfordCoreNLP - Adding annotator lemma
[pool-1-thread-13] INFO edu.stanford.nlp.pipeline.StanfordCoreNLP - Adding annotator ner
[pool-1-thread-13] INFO edu.stanford.nlp.pipeline.StanfordCoreNLP - Adding annotator sentiment
[pool-1-thread-13] INFO edu.stanford.nlp.pipeline.StanfordCoreNLP - Adding annotator quote
[pool-1-thread-13] WARN CoreNLP - java.lang.IllegalArgumentException: annotator "quote" requires annotation "CanonicalEntityMentionIndexAnnotation". The usual requirements for this annotator are: tokenize,ssplit,pos,lemma,ner
  edu.stanford.nlp.pipeline.StanfordCoreNLP.<init>(StanfordCoreNLP.java:261)
  edu.stanford.nlp.pipeline.StanfordCoreNLP.<init>(StanfordCoreNLP.java:193)
  edu.stanford.nlp.pipeline.StanfordCoreNLP.<init>(StanfordCoreNLP.java:189)
  edu.stanford.nlp.pipeline.StanfordCoreNLPServer.mkStanfordCoreNLP(StanfordCoreNLPServer.java:394)
  edu.stanford.nlp.pipeline.StanfordCoreNLPServer.access$900(StanfordCoreNLPServer.java:51)
  edu.stanford.nlp.pipeline.StanfordCoreNLPServer$CoreNLPHandler.handle(StanfordCoreNLPServer.java:916)
  com.sun.net.httpserver.Filter$Chain.doFilter(Filter.java:79)
  sun.net.httpserver.AuthFilter.doFilter(AuthFilter.java:83)
  com.sun.net.httpserver.Filter$Chain.doFilter(Filter.java:82)
  sun.net.httpserver.ServerImpl$Exchange$LinkHandler.handle(ServerImpl.java:675)
  com.sun.net.httpserver.Filter$Chain.doFilter(Filter.java:79)
  sun.net.httpserver.ServerImpl$Exchange.run(ServerImpl.java:647)
  java.util.concurrent.ThreadPoolExecutor.runWorker(ThreadPoolExecutor.java:1142)
  java.util.concurrent.ThreadPoolExecutor$Worker.run(ThreadPoolExecutor.java:617)
  java.lang.Thread.run(Thread.java:745)
[pool-1-thread-20] INFO edu.stanford.nlp.pipeline.StanfordCoreNLP - Adding annotator tokenize
[pool-1-thread-20] INFO edu.stanford.nlp.pipeline.StanfordCoreNLP - Adding annotator ssplit
[pool-1-thread-20] INFO edu.stanford.nlp.pipeline.StanfordCoreNLP - Adding annotator pos
[pool-1-thread-20] INFO edu.stanford.nlp.pipeline.StanfordCoreNLP - Adding annotator parse
[pool-1-thread-20] INFO edu.stanford.nlp.pipeline.StanfordCoreNLP - Adding annotator lemma
[pool-1-thread-20] INFO edu.stanford.nlp.pipeline.StanfordCoreNLP - Adding annotator ner
[pool-1-thread-20] INFO edu.stanford.nlp.pipeline.StanfordCoreNLP - Adding annotator sentiment
[pool-1-thread-20] INFO edu.stanford.nlp.pipeline.StanfordCoreNLP - Adding annotator quote
[pool-1-thread-20] WARN CoreNLP - java.lang.IllegalArgumentException: annotator "quote" requires annotation "CanonicalEntityMentionIndexAnnotation". The usual requirements for this annotator are: tokenize,ssplit,pos,lemma,ner
  edu.stanford.nlp.pipeline.StanfordCoreNLP.<init>(StanfordCoreNLP.java:261)
  edu.stanford.nlp.pipeline.StanfordCoreNLP.<init>(StanfordCoreNLP.java:193)
  edu.stanford.nlp.pipeline.StanfordCoreNLP.<init>(StanfordCoreNLP.java:189)
  edu.stanford.nlp.pipeline.StanfordCoreNLPServer.mkStanfordCoreNLP(StanfordCoreNLPServer.java:394)
  edu.stanford.nlp.pipeline.StanfordCoreNLPServer.access$900(StanfordCoreNLPServer.java:51)
  edu.stanford.nlp.pipeline.StanfordCoreNLPServer$CoreNLPHandler.handle(StanfordCoreNLPServer.java:916)
  com.sun.net.httpserver.Filter$Chain.doFilter(Filter.java:79)
  sun.net.httpserver.AuthFilter.doFilter(AuthFilter.java:83)
  com.sun.net.httpserver.Filter$Chain.doFilter(Filter.java:82)
  sun.net.httpserver.ServerImpl$Exchange$LinkHandler.handle(ServerImpl.java:675)
  com.sun.net.httpserver.Filter$Chain.doFilter(Filter.java:79)
  sun.net.httpserver.ServerImpl$Exchange.run(ServerImpl.java:647)
  java.util.concurrent.ThreadPoolExecutor.runWorker(ThreadPoolExecutor.java:1142)
  java.util.concurrent.ThreadPoolExecutor$Worker.run(ThreadPoolExecutor.java:617)
  java.lang.Thread.run(Thread.java:745)
[pool-1-thread-22] INFO edu.stanford.nlp.pipeline.StanfordCoreNLP - Adding annotator tokenize
[pool-1-thread-22] INFO edu.stanford.nlp.pipeline.StanfordCoreNLP - Adding annotator ssplit
[pool-1-thread-22] INFO edu.stanford.nlp.pipeline.StanfordCoreNLP - Adding annotator pos
[pool-1-thread-22] INFO edu.stanford.nlp.pipeline.StanfordCoreNLP - Adding annotator parse
[pool-1-thread-22] INFO edu.stanford.nlp.pipeline.StanfordCoreNLP - Adding annotator lemma
[pool-1-thread-22] INFO edu.stanford.nlp.pipeline.StanfordCoreNLP - Adding annotator ner
[pool-1-thread-22] INFO edu.stanford.nlp.pipeline.StanfordCoreNLP - Adding annotator sentiment
[pool-1-thread-22] INFO edu.stanford.nlp.pipeline.StanfordCoreNLP - Adding annotator quote
[pool-1-thread-22] WARN CoreNLP - java.lang.IllegalArgumentException: annotator "quote" requires annotation "CanonicalEntityMentionIndexAnnotation". The usual requirements for this annotator are: tokenize,ssplit,pos,lemma,ner
  edu.stanford.nlp.pipeline.StanfordCoreNLP.<init>(StanfordCoreNLP.java:261)
  edu.stanford.nlp.pipeline.StanfordCoreNLP.<init>(StanfordCoreNLP.java:193)
  edu.stanford.nlp.pipeline.StanfordCoreNLP.<init>(StanfordCoreNLP.java:189)
  edu.stanford.nlp.pipeline.StanfordCoreNLPServer.mkStanfordCoreNLP(StanfordCoreNLPServer.java:394)
  edu.stanford.nlp.pipeline.StanfordCoreNLPServer.access$900(StanfordCoreNLPServer.java:51)
  edu.stanford.nlp.pipeline.StanfordCoreNLPServer$CoreNLPHandler.handle(StanfordCoreNLPServer.java:916)
  com.sun.net.httpserver.Filter$Chain.doFilter(Filter.java:79)
  sun.net.httpserver.AuthFilter.doFilter(AuthFilter.java:83)
  com.sun.net.httpserver.Filter$Chain.doFilter(Filter.java:82)
  sun.net.httpserver.ServerImpl$Exchange$LinkHandler.handle(ServerImpl.java:675)
  com.sun.net.httpserver.Filter$Chain.doFilter(Filter.java:79)
  sun.net.httpserver.ServerImpl$Exchange.run(ServerImpl.java:647)
  java.util.concurrent.ThreadPoolExecutor.runWorker(ThreadPoolExecutor.java:1142)
  java.util.concurrent.ThreadPoolExecutor$Worker.run(ThreadPoolExecutor.java:617)
  java.lang.Thread.run(Thread.java:745)
[pool-1-thread-1] INFO edu.stanford.nlp.pipeline.StanfordCoreNLP - Adding annotator tokenize
[pool-1-thread-1] INFO edu.stanford.nlp.pipeline.StanfordCoreNLP - Adding annotator ssplit
[pool-1-thread-1] INFO edu.stanford.nlp.pipeline.StanfordCoreNLP - Adding annotator pos
[pool-1-thread-1] INFO edu.stanford.nlp.pipeline.StanfordCoreNLP - Adding annotator parse
[pool-1-thread-1] INFO edu.stanford.nlp.pipeline.StanfordCoreNLP - Adding annotator lemma
[pool-1-thread-1] INFO edu.stanford.nlp.pipeline.StanfordCoreNLP - Adding annotator ner
[pool-1-thread-1] INFO edu.stanford.nlp.pipeline.StanfordCoreNLP - Adding annotator sentiment
[pool-1-thread-1] INFO edu.stanford.nlp.pipeline.StanfordCoreNLP - Adding annotator quote
[pool-1-thread-1] WARN CoreNLP - java.lang.IllegalArgumentException: annotator "quote" requires annotation "CanonicalEntityMentionIndexAnnotation". The usual requirements for this annotator are: tokenize,ssplit,pos,lemma,ner
  edu.stanford.nlp.pipeline.StanfordCoreNLP.<init>(StanfordCoreNLP.java:261)
  edu.stanford.nlp.pipeline.StanfordCoreNLP.<init>(StanfordCoreNLP.java:193)
  edu.stanford.nlp.pipeline.StanfordCoreNLP.<init>(StanfordCoreNLP.java:189)
  edu.stanford.nlp.pipeline.StanfordCoreNLPServer.mkStanfordCoreNLP(StanfordCoreNLPServer.java:394)
  edu.stanford.nlp.pipeline.StanfordCoreNLPServer.access$900(StanfordCoreNLPServer.java:51)
  edu.stanford.nlp.pipeline.StanfordCoreNLPServer$CoreNLPHandler.handle(StanfordCoreNLPServer.java:916)
  com.sun.net.httpserver.Filter$Chain.doFilter(Filter.java:79)
  sun.net.httpserver.AuthFilter.doFilter(AuthFilter.java:83)
  com.sun.net.httpserver.Filter$Chain.doFilter(Filter.java:82)
  sun.net.httpserver.ServerImpl$Exchange$LinkHandler.handle(ServerImpl.java:675)
  com.sun.net.httpserver.Filter$Chain.doFilter(Filter.java:79)
  sun.net.httpserver.ServerImpl$Exchange.run(ServerImpl.java:647)
  java.util.concurrent.ThreadPoolExecutor.runWorker(ThreadPoolExecutor.java:1142)
  java.util.concurrent.ThreadPoolExecutor$Worker.run(ThreadPoolExecutor.java:617)
  java.lang.Thread.run(Thread.java:745)
[pool-1-thread-8] INFO edu.stanford.nlp.pipeline.StanfordCoreNLP - Adding annotator tokenize
[pool-1-thread-8] INFO edu.stanford.nlp.pipeline.StanfordCoreNLP - Adding annotator ssplit
[pool-1-thread-8] INFO edu.stanford.nlp.pipeline.StanfordCoreNLP - Adding annotator pos
[pool-1-thread-8] INFO edu.stanford.nlp.pipeline.StanfordCoreNLP - Adding annotator parse
[pool-1-thread-8] INFO edu.stanford.nlp.pipeline.StanfordCoreNLP - Adding annotator lemma
[pool-1-thread-8] INFO edu.stanford.nlp.pipeline.StanfordCoreNLP - Adding annotator ner
[pool-1-thread-8] INFO edu.stanford.nlp.pipeline.StanfordCoreNLP - Adding annotator sentiment
[pool-1-thread-8] INFO edu.stanford.nlp.pipeline.StanfordCoreNLP - Adding annotator quote
[pool-1-thread-8] WARN CoreNLP - java.lang.IllegalArgumentException: annotator "quote" requires annotation "CanonicalEntityMentionIndexAnnotation". The usual requirements for this annotator are: tokenize,ssplit,pos,lemma,ner
  edu.stanford.nlp.pipeline.StanfordCoreNLP.<init>(StanfordCoreNLP.java:261)
  edu.stanford.nlp.pipeline.StanfordCoreNLP.<init>(StanfordCoreNLP.java:193)
  edu.stanford.nlp.pipeline.StanfordCoreNLP.<init>(StanfordCoreNLP.java:189)
  edu.stanford.nlp.pipeline.StanfordCoreNLPServer.mkStanfordCoreNLP(StanfordCoreNLPServer.java:394)
  edu.stanford.nlp.pipeline.StanfordCoreNLPServer.access$900(StanfordCoreNLPServer.java:51)
  edu.stanford.nlp.pipeline.StanfordCoreNLPServer$CoreNLPHandler.handle(StanfordCoreNLPServer.java:916)
  com.sun.net.httpserver.Filter$Chain.doFilter(Filter.java:79)
  sun.net.httpserver.AuthFilter.doFilter(AuthFilter.java:83)
  com.sun.net.httpserver.Filter$Chain.doFilter(Filter.java:82)
  sun.net.httpserver.ServerImpl$Exchange$LinkHandler.handle(ServerImpl.java:675)
  com.sun.net.httpserver.Filter$Chain.doFilter(Filter.java:79)
  sun.net.httpserver.ServerImpl$Exchange.run(ServerImpl.java:647)
  java.util.concurrent.ThreadPoolExecutor.runWorker(ThreadPoolExecutor.java:1142)
  java.util.concurrent.ThreadPoolExecutor$Worker.run(ThreadPoolExecutor.java:617)
  java.lang.Thread.run(Thread.java:745)
[pool-1-thread-24] INFO edu.stanford.nlp.pipeline.StanfordCoreNLP - Adding annotator tokenize
[pool-1-thread-24] INFO edu.stanford.nlp.pipeline.StanfordCoreNLP - Adding annotator ssplit
[pool-1-thread-24] INFO edu.stanford.nlp.pipeline.StanfordCoreNLP - Adding annotator pos
[pool-1-thread-24] INFO edu.stanford.nlp.pipeline.StanfordCoreNLP - Adding annotator parse
[pool-1-thread-24] INFO edu.stanford.nlp.pipeline.StanfordCoreNLP - Adding annotator lemma
[pool-1-thread-24] INFO edu.stanford.nlp.pipeline.StanfordCoreNLP - Adding annotator ner
[pool-1-thread-24] INFO edu.stanford.nlp.pipeline.StanfordCoreNLP - Adding annotator sentiment
[pool-1-thread-24] INFO edu.stanford.nlp.pipeline.StanfordCoreNLP - Adding annotator quote
[pool-1-thread-24] WARN CoreNLP - java.lang.IllegalArgumentException: annotator "quote" requires annotation "CanonicalEntityMentionIndexAnnotation". The usual requirements for this annotator are: tokenize,ssplit,pos,lemma,ner
  edu.stanford.nlp.pipeline.StanfordCoreNLP.<init>(StanfordCoreNLP.java:261)
  edu.stanford.nlp.pipeline.StanfordCoreNLP.<init>(StanfordCoreNLP.java:193)
  edu.stanford.nlp.pipeline.StanfordCoreNLP.<init>(StanfordCoreNLP.java:189)
  edu.stanford.nlp.pipeline.StanfordCoreNLPServer.mkStanfordCoreNLP(StanfordCoreNLPServer.java:394)
  edu.stanford.nlp.pipeline.StanfordCoreNLPServer.access$900(StanfordCoreNLPServer.java:51)
  edu.stanford.nlp.pipeline.StanfordCoreNLPServer$CoreNLPHandler.handle(StanfordCoreNLPServer.java:916)
  com.sun.net.httpserver.Filter$Chain.doFilter(Filter.java:79)
  sun.net.httpserver.AuthFilter.doFilter(AuthFilter.java:83)
  com.sun.net.httpserver.Filter$Chain.doFilter(Filter.java:82)
  sun.net.httpserver.ServerImpl$Exchange$LinkHandler.handle(ServerImpl.java:675)
  com.sun.net.httpserver.Filter$Chain.doFilter(Filter.java:79)
  sun.net.httpserver.ServerImpl$Exchange.run(ServerImpl.java:647)
  java.util.concurrent.ThreadPoolExecutor.runWorker(ThreadPoolExecutor.java:1142)
  java.util.concurrent.ThreadPoolExecutor$Worker.run(ThreadPoolExecutor.java:617)
  java.lang.Thread.run(Thread.java:745)
[pool-1-thread-15] INFO edu.stanford.nlp.pipeline.StanfordCoreNLP - Adding annotator tokenize
[pool-1-thread-15] INFO edu.stanford.nlp.pipeline.StanfordCoreNLP - Adding annotator ssplit
[pool-1-thread-15] INFO edu.stanford.nlp.pipeline.StanfordCoreNLP - Adding annotator pos
[pool-1-thread-15] INFO edu.stanford.nlp.pipeline.StanfordCoreNLP - Adding annotator parse
[pool-1-thread-15] INFO edu.stanford.nlp.pipeline.StanfordCoreNLP - Adding annotator lemma
[pool-1-thread-15] INFO edu.stanford.nlp.pipeline.StanfordCoreNLP - Adding annotator ner
[pool-1-thread-15] INFO edu.stanford.nlp.pipeline.StanfordCoreNLP - Adding annotator sentiment
[pool-1-thread-15] INFO edu.stanford.nlp.pipeline.StanfordCoreNLP - Adding annotator quote
[pool-1-thread-15] WARN CoreNLP - java.lang.IllegalArgumentException: annotator "quote" requires annotation "CanonicalEntityMentionIndexAnnotation". The usual requirements for this annotator are: tokenize,ssplit,pos,lemma,ner
  edu.stanford.nlp.pipeline.StanfordCoreNLP.<init>(StanfordCoreNLP.java:261)
  edu.stanford.nlp.pipeline.StanfordCoreNLP.<init>(StanfordCoreNLP.java:193)
  edu.stanford.nlp.pipeline.StanfordCoreNLP.<init>(StanfordCoreNLP.java:189)
  edu.stanford.nlp.pipeline.StanfordCoreNLPServer.mkStanfordCoreNLP(StanfordCoreNLPServer.java:394)
  edu.stanford.nlp.pipeline.StanfordCoreNLPServer.access$900(StanfordCoreNLPServer.java:51)
  edu.stanford.nlp.pipeline.StanfordCoreNLPServer$CoreNLPHandler.handle(StanfordCoreNLPServer.java:916)
  com.sun.net.httpserver.Filter$Chain.doFilter(Filter.java:79)
  sun.net.httpserver.AuthFilter.doFilter(AuthFilter.java:83)
  com.sun.net.httpserver.Filter$Chain.doFilter(Filter.java:82)
  sun.net.httpserver.ServerImpl$Exchange$LinkHandler.handle(ServerImpl.java:675)
  com.sun.net.httpserver.Filter$Chain.doFilter(Filter.java:79)
  sun.net.httpserver.ServerImpl$Exchange.run(ServerImpl.java:647)
  java.util.concurrent.ThreadPoolExecutor.runWorker(ThreadPoolExecutor.java:1142)
  java.util.concurrent.ThreadPoolExecutor$Worker.run(ThreadPoolExecutor.java:617)
  java.lang.Thread.run(Thread.java:745)
[pool-1-thread-7] INFO edu.stanford.nlp.pipeline.StanfordCoreNLP - Adding annotator tokenize
[pool-1-thread-7] INFO edu.stanford.nlp.pipeline.StanfordCoreNLP - Adding annotator ssplit
[pool-1-thread-7] INFO edu.stanford.nlp.pipeline.StanfordCoreNLP - Adding annotator pos
[pool-1-thread-7] INFO edu.stanford.nlp.pipeline.StanfordCoreNLP - Adding annotator parse
[pool-1-thread-7] INFO edu.stanford.nlp.pipeline.StanfordCoreNLP - Adding annotator lemma
[pool-1-thread-7] INFO edu.stanford.nlp.pipeline.StanfordCoreNLP - Adding annotator ner
[pool-1-thread-7] INFO edu.stanford.nlp.pipeline.StanfordCoreNLP - Adding annotator sentiment
[pool-1-thread-7] INFO edu.stanford.nlp.pipeline.StanfordCoreNLP - Adding annotator quote
[pool-1-thread-7] WARN CoreNLP - java.lang.IllegalArgumentException: annotator "quote" requires annotation "CanonicalEntityMentionIndexAnnotation". The usual requirements for this annotator are: tokenize,ssplit,pos,lemma,ner
  edu.stanford.nlp.pipeline.StanfordCoreNLP.<init>(StanfordCoreNLP.java:261)
  edu.stanford.nlp.pipeline.StanfordCoreNLP.<init>(StanfordCoreNLP.java:193)
  edu.stanford.nlp.pipeline.StanfordCoreNLP.<init>(StanfordCoreNLP.java:189)
  edu.stanford.nlp.pipeline.StanfordCoreNLPServer.mkStanfordCoreNLP(StanfordCoreNLPServer.java:394)
  edu.stanford.nlp.pipeline.StanfordCoreNLPServer.access$900(StanfordCoreNLPServer.java:51)
  edu.stanford.nlp.pipeline.StanfordCoreNLPServer$CoreNLPHandler.handle(StanfordCoreNLPServer.java:916)
  com.sun.net.httpserver.Filter$Chain.doFilter(Filter.java:79)
  sun.net.httpserver.AuthFilter.doFilter(AuthFilter.java:83)
  com.sun.net.httpserver.Filter$Chain.doFilter(Filter.java:82)
  sun.net.httpserver.ServerImpl$Exchange$LinkHandler.handle(ServerImpl.java:675)
  com.sun.net.httpserver.Filter$Chain.doFilter(Filter.java:79)
  sun.net.httpserver.ServerImpl$Exchange.run(ServerImpl.java:647)
  java.util.concurrent.ThreadPoolExecutor.runWorker(ThreadPoolExecutor.java:1142)
  java.util.concurrent.ThreadPoolExecutor$Worker.run(ThreadPoolExecutor.java:617)
  java.lang.Thread.run(Thread.java:745)
[pool-1-thread-13] INFO edu.stanford.nlp.pipeline.StanfordCoreNLP - Adding annotator tokenize
[pool-1-thread-13] INFO edu.stanford.nlp.pipeline.StanfordCoreNLP - Adding annotator ssplit
[pool-1-thread-13] INFO edu.stanford.nlp.pipeline.StanfordCoreNLP - Adding annotator pos
[pool-1-thread-13] INFO edu.stanford.nlp.pipeline.StanfordCoreNLP - Adding annotator parse
[pool-1-thread-13] INFO edu.stanford.nlp.pipeline.StanfordCoreNLP - Adding annotator lemma
[pool-1-thread-13] INFO edu.stanford.nlp.pipeline.StanfordCoreNLP - Adding annotator ner
[pool-1-thread-13] INFO edu.stanford.nlp.pipeline.StanfordCoreNLP - Adding annotator sentiment
[pool-1-thread-13] INFO edu.stanford.nlp.pipeline.StanfordCoreNLP - Adding annotator quote
[pool-1-thread-13] WARN CoreNLP - java.lang.IllegalArgumentException: annotator "quote" requires annotation "CanonicalEntityMentionIndexAnnotation". The usual requirements for this annotator are: tokenize,ssplit,pos,lemma,ner
  edu.stanford.nlp.pipeline.StanfordCoreNLP.<init>(StanfordCoreNLP.java:261)
  edu.stanford.nlp.pipeline.StanfordCoreNLP.<init>(StanfordCoreNLP.java:193)
  edu.stanford.nlp.pipeline.StanfordCoreNLP.<init>(StanfordCoreNLP.java:189)
  edu.stanford.nlp.pipeline.StanfordCoreNLPServer.mkStanfordCoreNLP(StanfordCoreNLPServer.java:394)
  edu.stanford.nlp.pipeline.StanfordCoreNLPServer.access$900(StanfordCoreNLPServer.java:51)
  edu.stanford.nlp.pipeline.StanfordCoreNLPServer$CoreNLPHandler.handle(StanfordCoreNLPServer.java:916)
  com.sun.net.httpserver.Filter$Chain.doFilter(Filter.java:79)
  sun.net.httpserver.AuthFilter.doFilter(AuthFilter.java:83)
  com.sun.net.httpserver.Filter$Chain.doFilter(Filter.java:82)
  sun.net.httpserver.ServerImpl$Exchange$LinkHandler.handle(ServerImpl.java:675)
  com.sun.net.httpserver.Filter$Chain.doFilter(Filter.java:79)
  sun.net.httpserver.ServerImpl$Exchange.run(ServerImpl.java:647)
  java.util.concurrent.ThreadPoolExecutor.runWorker(ThreadPoolExecutor.java:1142)
  java.util.concurrent.ThreadPoolExecutor$Worker.run(ThreadPoolExecutor.java:617)
  java.lang.Thread.run(Thread.java:745)
[pool-1-thread-20] INFO edu.stanford.nlp.pipeline.StanfordCoreNLP - Adding annotator tokenize
[pool-1-thread-20] INFO edu.stanford.nlp.pipeline.StanfordCoreNLP - Adding annotator ssplit
[pool-1-thread-20] INFO edu.stanford.nlp.pipeline.StanfordCoreNLP - Adding annotator pos
[pool-1-thread-20] INFO edu.stanford.nlp.pipeline.StanfordCoreNLP - Adding annotator parse
[pool-1-thread-20] INFO edu.stanford.nlp.pipeline.StanfordCoreNLP - Adding annotator lemma
[pool-1-thread-20] INFO edu.stanford.nlp.pipeline.StanfordCoreNLP - Adding annotator ner
[pool-1-thread-20] INFO edu.stanford.nlp.pipeline.StanfordCoreNLP - Adding annotator sentiment
[pool-1-thread-20] INFO edu.stanford.nlp.pipeline.StanfordCoreNLP - Adding annotator quote
[pool-1-thread-20] WARN CoreNLP - java.lang.IllegalArgumentException: annotator "quote" requires annotation "CanonicalEntityMentionIndexAnnotation". The usual requirements for this annotator are: tokenize,ssplit,pos,lemma,ner
  edu.stanford.nlp.pipeline.StanfordCoreNLP.<init>(StanfordCoreNLP.java:261)
  edu.stanford.nlp.pipeline.StanfordCoreNLP.<init>(StanfordCoreNLP.java:193)
  edu.stanford.nlp.pipeline.StanfordCoreNLP.<init>(StanfordCoreNLP.java:189)
  edu.stanford.nlp.pipeline.StanfordCoreNLPServer.mkStanfordCoreNLP(StanfordCoreNLPServer.java:394)
  edu.stanford.nlp.pipeline.StanfordCoreNLPServer.access$900(StanfordCoreNLPServer.java:51)
  edu.stanford.nlp.pipeline.StanfordCoreNLPServer$CoreNLPHandler.handle(StanfordCoreNLPServer.java:916)
  com.sun.net.httpserver.Filter$Chain.doFilter(Filter.java:79)
  sun.net.httpserver.AuthFilter.doFilter(AuthFilter.java:83)
  com.sun.net.httpserver.Filter$Chain.doFilter(Filter.java:82)
  sun.net.httpserver.ServerImpl$Exchange$LinkHandler.handle(ServerImpl.java:675)
  com.sun.net.httpserver.Filter$Chain.doFilter(Filter.java:79)
  sun.net.httpserver.ServerImpl$Exchange.run(ServerImpl.java:647)
  java.util.concurrent.ThreadPoolExecutor.runWorker(ThreadPoolExecutor.java:1142)
  java.util.concurrent.ThreadPoolExecutor$Worker.run(ThreadPoolExecutor.java:617)
  java.lang.Thread.run(Thread.java:745)
[pool-1-thread-22] INFO edu.stanford.nlp.pipeline.StanfordCoreNLP - Adding annotator tokenize
[pool-1-thread-22] INFO edu.stanford.nlp.pipeline.StanfordCoreNLP - Adding annotator ssplit
[pool-1-thread-22] INFO edu.stanford.nlp.pipeline.StanfordCoreNLP - Adding annotator pos
[pool-1-thread-22] INFO edu.stanford.nlp.pipeline.StanfordCoreNLP - Adding annotator parse
[pool-1-thread-22] INFO edu.stanford.nlp.pipeline.StanfordCoreNLP - Adding annotator lemma
[pool-1-thread-22] INFO edu.stanford.nlp.pipeline.StanfordCoreNLP - Adding annotator ner
[pool-1-thread-22] INFO edu.stanford.nlp.pipeline.StanfordCoreNLP - Adding annotator sentiment
[pool-1-thread-22] INFO edu.stanford.nlp.pipeline.StanfordCoreNLP - Adding annotator quote
[pool-1-thread-22] WARN CoreNLP - java.lang.IllegalArgumentException: annotator "quote" requires annotation "CanonicalEntityMentionIndexAnnotation". The usual requirements for this annotator are: tokenize,ssplit,pos,lemma,ner
  edu.stanford.nlp.pipeline.StanfordCoreNLP.<init>(StanfordCoreNLP.java:261)
  edu.stanford.nlp.pipeline.StanfordCoreNLP.<init>(StanfordCoreNLP.java:193)
  edu.stanford.nlp.pipeline.StanfordCoreNLP.<init>(StanfordCoreNLP.java:189)
  edu.stanford.nlp.pipeline.StanfordCoreNLPServer.mkStanfordCoreNLP(StanfordCoreNLPServer.java:394)
  edu.stanford.nlp.pipeline.StanfordCoreNLPServer.access$900(StanfordCoreNLPServer.java:51)
  edu.stanford.nlp.pipeline.StanfordCoreNLPServer$CoreNLPHandler.handle(StanfordCoreNLPServer.java:916)
  com.sun.net.httpserver.Filter$Chain.doFilter(Filter.java:79)
  sun.net.httpserver.AuthFilter.doFilter(AuthFilter.java:83)
  com.sun.net.httpserver.Filter$Chain.doFilter(Filter.java:82)
  sun.net.httpserver.ServerImpl$Exchange$LinkHandler.handle(ServerImpl.java:675)
  com.sun.net.httpserver.Filter$Chain.doFilter(Filter.java:79)
  sun.net.httpserver.ServerImpl$Exchange.run(ServerImpl.java:647)
  java.util.concurrent.ThreadPoolExecutor.runWorker(ThreadPoolExecutor.java:1142)
  java.util.concurrent.ThreadPoolExecutor$Worker.run(ThreadPoolExecutor.java:617)
  java.lang.Thread.run(Thread.java:745)
[pool-1-thread-1] INFO edu.stanford.nlp.pipeline.StanfordCoreNLP - Adding annotator tokenize
[pool-1-thread-1] INFO edu.stanford.nlp.pipeline.StanfordCoreNLP - Adding annotator ssplit
[pool-1-thread-1] INFO edu.stanford.nlp.pipeline.StanfordCoreNLP - Adding annotator pos
[pool-1-thread-1] INFO edu.stanford.nlp.pipeline.StanfordCoreNLP - Adding annotator parse
[pool-1-thread-1] INFO edu.stanford.nlp.pipeline.StanfordCoreNLP - Adding annotator lemma
[pool-1-thread-1] INFO edu.stanford.nlp.pipeline.StanfordCoreNLP - Adding annotator ner
[pool-1-thread-1] INFO edu.stanford.nlp.pipeline.StanfordCoreNLP - Adding annotator sentiment
[pool-1-thread-1] INFO edu.stanford.nlp.pipeline.StanfordCoreNLP - Adding annotator quote
[pool-1-thread-1] WARN CoreNLP - java.lang.IllegalArgumentException: annotator "quote" requires annotation "CanonicalEntityMentionIndexAnnotation". The usual requirements for this annotator are: tokenize,ssplit,pos,lemma,ner
  edu.stanford.nlp.pipeline.StanfordCoreNLP.<init>(StanfordCoreNLP.java:261)
  edu.stanford.nlp.pipeline.StanfordCoreNLP.<init>(StanfordCoreNLP.java:193)
  edu.stanford.nlp.pipeline.StanfordCoreNLP.<init>(StanfordCoreNLP.java:189)
  edu.stanford.nlp.pipeline.StanfordCoreNLPServer.mkStanfordCoreNLP(StanfordCoreNLPServer.java:394)
  edu.stanford.nlp.pipeline.StanfordCoreNLPServer.access$900(StanfordCoreNLPServer.java:51)
  edu.stanford.nlp.pipeline.StanfordCoreNLPServer$CoreNLPHandler.handle(StanfordCoreNLPServer.java:916)
  com.sun.net.httpserver.Filter$Chain.doFilter(Filter.java:79)
  sun.net.httpserver.AuthFilter.doFilter(AuthFilter.java:83)
  com.sun.net.httpserver.Filter$Chain.doFilter(Filter.java:82)
  sun.net.httpserver.ServerImpl$Exchange$LinkHandler.handle(ServerImpl.java:675)
  com.sun.net.httpserver.Filter$Chain.doFilter(Filter.java:79)
  sun.net.httpserver.ServerImpl$Exchange.run(ServerImpl.java:647)
  java.util.concurrent.ThreadPoolExecutor.runWorker(ThreadPoolExecutor.java:1142)
  java.util.concurrent.ThreadPoolExecutor$Worker.run(ThreadPoolExecutor.java:617)
  java.lang.Thread.run(Thread.java:745)
[pool-1-thread-8] INFO edu.stanford.nlp.pipeline.StanfordCoreNLP - Adding annotator tokenize
[pool-1-thread-8] INFO edu.stanford.nlp.pipeline.StanfordCoreNLP - Adding annotator ssplit
[pool-1-thread-8] INFO edu.stanford.nlp.pipeline.StanfordCoreNLP - Adding annotator pos
[pool-1-thread-8] INFO edu.stanford.nlp.pipeline.StanfordCoreNLP - Adding annotator parse
[pool-1-thread-8] INFO edu.stanford.nlp.pipeline.StanfordCoreNLP - Adding annotator lemma
[pool-1-thread-8] INFO edu.stanford.nlp.pipeline.StanfordCoreNLP - Adding annotator ner
[pool-1-thread-8] INFO edu.stanford.nlp.pipeline.StanfordCoreNLP - Adding annotator sentiment
[pool-1-thread-8] INFO edu.stanford.nlp.pipeline.StanfordCoreNLP - Adding annotator quote
[pool-1-thread-8] WARN CoreNLP - java.lang.IllegalArgumentException: annotator "quote" requires annotation "CanonicalEntityMentionIndexAnnotation". The usual requirements for this annotator are: tokenize,ssplit,pos,lemma,ner
  edu.stanford.nlp.pipeline.StanfordCoreNLP.<init>(StanfordCoreNLP.java:261)
  edu.stanford.nlp.pipeline.StanfordCoreNLP.<init>(StanfordCoreNLP.java:193)
  edu.stanford.nlp.pipeline.StanfordCoreNLP.<init>(StanfordCoreNLP.java:189)
  edu.stanford.nlp.pipeline.StanfordCoreNLPServer.mkStanfordCoreNLP(StanfordCoreNLPServer.java:394)
  edu.stanford.nlp.pipeline.StanfordCoreNLPServer.access$900(StanfordCoreNLPServer.java:51)
  edu.stanford.nlp.pipeline.StanfordCoreNLPServer$CoreNLPHandler.handle(StanfordCoreNLPServer.java:916)
  com.sun.net.httpserver.Filter$Chain.doFilter(Filter.java:79)
  sun.net.httpserver.AuthFilter.doFilter(AuthFilter.java:83)
  com.sun.net.httpserver.Filter$Chain.doFilter(Filter.java:82)
  sun.net.httpserver.ServerImpl$Exchange$LinkHandler.handle(ServerImpl.java:675)
  com.sun.net.httpserver.Filter$Chain.doFilter(Filter.java:79)
  sun.net.httpserver.ServerImpl$Exchange.run(ServerImpl.java:647)
  java.util.concurrent.ThreadPoolExecutor.runWorker(ThreadPoolExecutor.java:1142)
  java.util.concurrent.ThreadPoolExecutor$Worker.run(ThreadPoolExecutor.java:617)
  java.lang.Thread.run(Thread.java:745)
[pool-1-thread-24] INFO edu.stanford.nlp.pipeline.StanfordCoreNLP - Adding annotator tokenize
[pool-1-thread-24] INFO edu.stanford.nlp.pipeline.StanfordCoreNLP - Adding annotator ssplit
[pool-1-thread-24] INFO edu.stanford.nlp.pipeline.StanfordCoreNLP - Adding annotator pos
[pool-1-thread-24] INFO edu.stanford.nlp.pipeline.StanfordCoreNLP - Adding annotator parse
[pool-1-thread-24] INFO edu.stanford.nlp.pipeline.StanfordCoreNLP - Adding annotator lemma
[pool-1-thread-24] INFO edu.stanford.nlp.pipeline.StanfordCoreNLP - Adding annotator ner
[pool-1-thread-24] INFO edu.stanford.nlp.pipeline.StanfordCoreNLP - Adding annotator sentiment
[pool-1-thread-24] INFO edu.stanford.nlp.pipeline.StanfordCoreNLP - Adding annotator quote
[pool-1-thread-24] WARN CoreNLP - java.lang.IllegalArgumentException: annotator "quote" requires annotation "CanonicalEntityMentionIndexAnnotation". The usual requirements for this annotator are: tokenize,ssplit,pos,lemma,ner
  edu.stanford.nlp.pipeline.StanfordCoreNLP.<init>(StanfordCoreNLP.java:261)
  edu.stanford.nlp.pipeline.StanfordCoreNLP.<init>(StanfordCoreNLP.java:193)
  edu.stanford.nlp.pipeline.StanfordCoreNLP.<init>(StanfordCoreNLP.java:189)
  edu.stanford.nlp.pipeline.StanfordCoreNLPServer.mkStanfordCoreNLP(StanfordCoreNLPServer.java:394)
  edu.stanford.nlp.pipeline.StanfordCoreNLPServer.access$900(StanfordCoreNLPServer.java:51)
  edu.stanford.nlp.pipeline.StanfordCoreNLPServer$CoreNLPHandler.handle(StanfordCoreNLPServer.java:916)
  com.sun.net.httpserver.Filter$Chain.doFilter(Filter.java:79)
  sun.net.httpserver.AuthFilter.doFilter(AuthFilter.java:83)
  com.sun.net.httpserver.Filter$Chain.doFilter(Filter.java:82)
  sun.net.httpserver.ServerImpl$Exchange$LinkHandler.handle(ServerImpl.java:675)
  com.sun.net.httpserver.Filter$Chain.doFilter(Filter.java:79)
  sun.net.httpserver.ServerImpl$Exchange.run(ServerImpl.java:647)
  java.util.concurrent.ThreadPoolExecutor.runWorker(ThreadPoolExecutor.java:1142)
  java.util.concurrent.ThreadPoolExecutor$Worker.run(ThreadPoolExecutor.java:617)
  java.lang.Thread.run(Thread.java:745)
[pool-1-thread-15] INFO edu.stanford.nlp.pipeline.StanfordCoreNLP - Adding annotator tokenize
[pool-1-thread-15] INFO edu.stanford.nlp.pipeline.StanfordCoreNLP - Adding annotator ssplit
[pool-1-thread-15] INFO edu.stanford.nlp.pipeline.StanfordCoreNLP - Adding annotator pos
[pool-1-thread-15] INFO edu.stanford.nlp.pipeline.StanfordCoreNLP - Adding annotator parse
[pool-1-thread-15] INFO edu.stanford.nlp.pipeline.StanfordCoreNLP - Adding annotator lemma
[pool-1-thread-15] INFO edu.stanford.nlp.pipeline.StanfordCoreNLP - Adding annotator ner
[pool-1-thread-15] INFO edu.stanford.nlp.pipeline.StanfordCoreNLP - Adding annotator sentiment
[pool-1-thread-15] INFO edu.stanford.nlp.pipeline.StanfordCoreNLP - Adding annotator quote
[pool-1-thread-15] WARN CoreNLP - java.lang.IllegalArgumentException: annotator "quote" requires annotation "CanonicalEntityMentionIndexAnnotation". The usual requirements for this annotator are: tokenize,ssplit,pos,lemma,ner
  edu.stanford.nlp.pipeline.StanfordCoreNLP.<init>(StanfordCoreNLP.java:261)
  edu.stanford.nlp.pipeline.StanfordCoreNLP.<init>(StanfordCoreNLP.java:193)
  edu.stanford.nlp.pipeline.StanfordCoreNLP.<init>(StanfordCoreNLP.java:189)
  edu.stanford.nlp.pipeline.StanfordCoreNLPServer.mkStanfordCoreNLP(StanfordCoreNLPServer.java:394)
  edu.stanford.nlp.pipeline.StanfordCoreNLPServer.access$900(StanfordCoreNLPServer.java:51)
  edu.stanford.nlp.pipeline.StanfordCoreNLPServer$CoreNLPHandler.handle(StanfordCoreNLPServer.java:916)
  com.sun.net.httpserver.Filter$Chain.doFilter(Filter.java:79)
  sun.net.httpserver.AuthFilter.doFilter(AuthFilter.java:83)
  com.sun.net.httpserver.Filter$Chain.doFilter(Filter.java:82)
  sun.net.httpserver.ServerImpl$Exchange$LinkHandler.handle(ServerImpl.java:675)
  com.sun.net.httpserver.Filter$Chain.doFilter(Filter.java:79)
  sun.net.httpserver.ServerImpl$Exchange.run(ServerImpl.java:647)
  java.util.concurrent.ThreadPoolExecutor.runWorker(ThreadPoolExecutor.java:1142)
  java.util.concurrent.ThreadPoolExecutor$Worker.run(ThreadPoolExecutor.java:617)
  java.lang.Thread.run(Thread.java:745)
The following needed processed file(s) were missing for 2011, month 4:
['/gpfs/scratch/ngoodma3/Marijuana_Legalization_Corpus_Study/lda_prep/lda_prep-2011-4', '/gpfs/scratch/ngoodma3/Marijuana_Legalization_Corpus_Study/total_counts/total_count-2011-4', '/gpfs/scratch/ngoodma3/Marijuana_Legalization_Corpus_Study/nn_prep/nn_prep-2011-4']
Initiating preprocessing of RC_2011-04.bz2at  9:42PM, 05/24/2020
The following needed processed file(s) were missing for 2012, month 1:
['/gpfs/scratch/ngoodma3/Marijuana_Legalization_Corpus_Study/lda_prep/lda_prep-2012-1', '/gpfs/scratch/ngoodma3/Marijuana_Legalization_Corpus_Study/total_counts/total_count-2012-1', '/gpfs/scratch/ngoodma3/Marijuana_Legalization_Corpus_Study/nn_prep/nn_prep-2012-1']
Initiating preprocessing of RC_2012-01.bz2at  9:43PM, 05/24/2020
The following needed processed file(s) were missing for 2018, month 11:
['/gpfs/scratch/ngoodma3/Marijuana_Legalization_Corpus_Study/lda_prep/lda_prep-2018-11', '/gpfs/scratch/ngoodma3/Marijuana_Legalization_Corpus_Study/timedict/RC_Count_Dict-2018-11', '/gpfs/scratch/ngoodma3/Marijuana_Legalization_Corpus_Study/total_counts/total_count-2018-11', '/gpfs/scratch/ngoodma3/Marijuana_Legalization_Corpus_Study/nn_prep/nn_prep-2018-11']
Initiating preprocessing of RC_2018-11.zstat  9:43PM, 05/24/2020
[nltk_data] Downloading package vader_lexicon to
[nltk_data]     /users/ngoodma3/anaconda/marijuana_study/lib/nltk_data
[nltk_data]     ...
[nltk_data]   Package vader_lexicon is already up-to-date!
[nltk_data] Downloading package vader_lexicon to
[nltk_data]     /users/ngoodma3/anaconda/marijuana_study/lib/nltk_data
[nltk_data]     ...
[nltk_data]   Package vader_lexicon is already up-to-date!
[nltk_data] Downloading package vader_lexicon to
[nltk_data]     /users/ngoodma3/anaconda/marijuana_study/lib/nltk_data
[nltk_data]     ...
[nltk_data]   Package vader_lexicon is already up-to-date!
The following needed processed file(s) were missing for 2010, month 11:
['/gpfs/scratch/ngoodma3/Marijuana_Legalization_Corpus_Study/lda_prep/lda_prep-2010-11', '/gpfs/scratch/ngoodma3/Marijuana_Legalization_Corpus_Study/total_counts/total_count-2010-11', '/gpfs/scratch/ngoodma3/Marijuana_Legalization_Corpus_Study/nn_prep/nn_prep-2010-11']
Initiating preprocessing of RC_2010-11.bz2at  9:42PM, 05/24/2020
The following needed processed file(s) were missing for 2013, month 10:
['/gpfs/scratch/ngoodma3/Marijuana_Legalization_Corpus_Study/lda_prep/lda_prep-2013-10', '/gpfs/scratch/ngoodma3/Marijuana_Legalization_Corpus_Study/total_counts/total_count-2013-10', '/gpfs/scratch/ngoodma3/Marijuana_Legalization_Corpus_Study/nn_prep/nn_prep-2013-10']
Initiating preprocessing of RC_2013-10.bz2at  9:43PM, 05/24/2020
The following needed processed file(s) were missing for 2017, month 6:
['/gpfs/scratch/ngoodma3/Marijuana_Legalization_Corpus_Study/lda_prep/lda_prep-2017-6', '/gpfs/scratch/ngoodma3/Marijuana_Legalization_Corpus_Study/timedict/RC_Count_Dict-2017-6', '/gpfs/scratch/ngoodma3/Marijuana_Legalization_Corpus_Study/total_counts/total_count-2017-6', '/gpfs/scratch/ngoodma3/Marijuana_Legalization_Corpus_Study/nn_prep/nn_prep-2017-6']
Initiating preprocessing of RC_2017-06.bz2at  9:43PM, 05/24/2020
The following needed processed file(s) were missing for 2019, month 4:
['/gpfs/scratch/ngoodma3/Marijuana_Legalization_Corpus_Study/lda_prep/lda_prep-2019-4', '/gpfs/scratch/ngoodma3/Marijuana_Legalization_Corpus_Study/timedict/RC_Count_Dict-2019-4', '/gpfs/scratch/ngoodma3/Marijuana_Legalization_Corpus_Study/total_counts/total_count-2019-4', '/gpfs/scratch/ngoodma3/Marijuana_Legalization_Corpus_Study/nn_prep/nn_prep-2019-4']
Initiating preprocessing of RC_2019-04.zstat  9:43PM, 05/24/2020
The following needed processed file(s) were missing for 2008, month 9:
['/gpfs/scratch/ngoodma3/Marijuana_Legalization_Corpus_Study/lda_prep/lda_prep-2008-9', '/gpfs/scratch/ngoodma3/Marijuana_Legalization_Corpus_Study/total_counts/total_count-2008-9', '/gpfs/scratch/ngoodma3/Marijuana_Legalization_Corpus_Study/nn_prep/nn_prep-2008-9']
Initiating preprocessing of RC_2008-09.bz2at  9:42PM, 05/24/2020
The following needed processed file(s) were missing for 2011, month 8:
['/gpfs/scratch/ngoodma3/Marijuana_Legalization_Corpus_Study/lda_prep/lda_prep-2011-8', '/gpfs/scratch/ngoodma3/Marijuana_Legalization_Corpus_Study/total_counts/total_count-2011-8', '/gpfs/scratch/ngoodma3/Marijuana_Legalization_Corpus_Study/nn_prep/nn_prep-2011-8']
Initiating preprocessing of RC_2011-08.bz2at  9:43PM, 05/24/2020
The following needed processed file(s) were missing for 2015, month 8:
['/gpfs/scratch/ngoodma3/Marijuana_Legalization_Corpus_Study/lda_prep/lda_prep-2015-8', '/gpfs/scratch/ngoodma3/Marijuana_Legalization_Corpus_Study/total_counts/total_count-2015-8', '/gpfs/scratch/ngoodma3/Marijuana_Legalization_Corpus_Study/nn_prep/nn_prep-2015-8']
Initiating preprocessing of RC_2015-08.bz2at  9:43PM, 05/24/2020
The following needed processed file(s) were missing for 2018, month 3:
['/gpfs/scratch/ngoodma3/Marijuana_Legalization_Corpus_Study/lda_prep/lda_prep-2018-3', '/gpfs/scratch/ngoodma3/Marijuana_Legalization_Corpus_Study/timedict/RC_Count_Dict-2018-3', '/gpfs/scratch/ngoodma3/Marijuana_Legalization_Corpus_Study/total_counts/total_count-2018-3', '/gpfs/scratch/ngoodma3/Marijuana_Legalization_Corpus_Study/nn_prep/nn_prep-2018-3']
Initiating preprocessing of RC_2018-03.xzat  9:43PM, 05/24/2020
The following needed processed file(s) were missing for 2009, month 10:
['/gpfs/scratch/ngoodma3/Marijuana_Legalization_Corpus_Study/lda_prep/lda_prep-2009-10', '/gpfs/scratch/ngoodma3/Marijuana_Legalization_Corpus_Study/total_counts/total_count-2009-10', '/gpfs/scratch/ngoodma3/Marijuana_Legalization_Corpus_Study/nn_prep/nn_prep-2009-10']
Initiating preprocessing of RC_2009-10.bz2at  9:42PM, 05/24/2020
The following needed processed file(s) were missing for 2012, month 9:
['/gpfs/scratch/ngoodma3/Marijuana_Legalization_Corpus_Study/lda_prep/lda_prep-2012-9', '/gpfs/scratch/ngoodma3/Marijuana_Legalization_Corpus_Study/total_counts/total_count-2012-9', '/gpfs/scratch/ngoodma3/Marijuana_Legalization_Corpus_Study/nn_prep/nn_prep-2012-9']
Initiating preprocessing of RC_2012-09.bz2at  9:43PM, 05/24/2020
The following needed processed file(s) were missing for 2015, month 4:
['/gpfs/scratch/ngoodma3/Marijuana_Legalization_Corpus_Study/lda_prep/lda_prep-2015-4', '/gpfs/scratch/ngoodma3/Marijuana_Legalization_Corpus_Study/total_counts/total_count-2015-4', '/gpfs/scratch/ngoodma3/Marijuana_Legalization_Corpus_Study/nn_prep/nn_prep-2015-4']
Initiating preprocessing of RC_2015-04.bz2at  9:43PM, 05/24/2020
[nltk_data] Downloading package vader_lexicon to
[nltk_data]     /users/ngoodma3/anaconda/marijuana_study/lib/nltk_data
[nltk_data]     ...
[nltk_data]   Package vader_lexicon is already up-to-date!
[nltk_data] Downloading package vader_lexicon to
[nltk_data]     /users/ngoodma3/anaconda/marijuana_study/lib/nltk_data
[nltk_data]     ...
[nltk_data]   Package vader_lexicon is already up-to-date!
[nltk_data] Downloading package vader_lexicon to
[nltk_data]     /users/ngoodma3/anaconda/marijuana_study/lib/nltk_data
[nltk_data]     ...
[nltk_data]   Package vader_lexicon is already up-to-date!
[nltk_data] Downloading package vader_lexicon to
[nltk_data]     /users/ngoodma3/anaconda/marijuana_study/lib/nltk_data
[nltk_data]     ...
[nltk_data]   Package vader_lexicon is already up-to-date!
The following needed processed file(s) were missing for 2008, month 5:
['/gpfs/scratch/ngoodma3/Marijuana_Legalization_Corpus_Study/lda_prep/lda_prep-2008-5', '/gpfs/scratch/ngoodma3/Marijuana_Legalization_Corpus_Study/total_counts/total_count-2008-5', '/gpfs/scratch/ngoodma3/Marijuana_Legalization_Corpus_Study/nn_prep/nn_prep-2008-5']
Initiating preprocessing of RC_2008-05.bz2at  9:42PM, 05/24/2020
The following needed processed file(s) were missing for 2014, month 3:
['/gpfs/scratch/ngoodma3/Marijuana_Legalization_Corpus_Study/lda_prep/lda_prep-2014-3', '/gpfs/scratch/ngoodma3/Marijuana_Legalization_Corpus_Study/total_counts/total_count-2014-3', '/gpfs/scratch/ngoodma3/Marijuana_Legalization_Corpus_Study/nn_prep/nn_prep-2014-3']
Initiating preprocessing of RC_2014-03.bz2at  9:43PM, 05/24/2020
[nltk_data] Downloading package vader_lexicon to
[nltk_data]     /users/ngoodma3/anaconda/marijuana_study/lib/nltk_data
[nltk_data]     ...
[nltk_data]   Package vader_lexicon is already up-to-date!
[nltk_data] Downloading package vader_lexicon to
[nltk_data]     /users/ngoodma3/anaconda/marijuana_study/lib/nltk_data
[nltk_data]     ...
[nltk_data]   Package vader_lexicon is already up-to-date!
[nltk_data] Downloading package vader_lexicon to
[nltk_data]     /users/ngoodma3/anaconda/marijuana_study/lib/nltk_data
[nltk_data]     ...
[nltk_data]   Package vader_lexicon is already up-to-date!
[nltk_data] Downloading package vader_lexicon to
[nltk_data]     /users/ngoodma3/anaconda/marijuana_study/lib/nltk_data
[nltk_data]     ...
[nltk_data]   Package vader_lexicon is already up-to-date!
[nltk_data] Downloading package vader_lexicon to
[nltk_data]     /users/ngoodma3/anaconda/marijuana_study/lib/nltk_data
[nltk_data]     ...
[nltk_data]   Package vader_lexicon is already up-to-date!
[nltk_data] Downloading package vader_lexicon to
[nltk_data]     /users/ngoodma3/anaconda/marijuana_study/lib/nltk_data
[nltk_data]     ...
[nltk_data]   Package vader_lexicon is already up-to-date!
[nltk_data] Downloading package vader_lexicon to
[nltk_data]     /users/ngoodma3/anaconda/marijuana_study/lib/nltk_data
[nltk_data]     ...
[nltk_data]   Package vader_lexicon is already up-to-date!
[nltk_data] Downloading package vader_lexicon to
[nltk_data]     /users/ngoodma3/anaconda/marijuana_study/lib/nltk_data
[nltk_data]     ...
[nltk_data]   Package vader_lexicon is already up-to-date!
[nltk_data] Downloading package vader_lexicon to
[nltk_data]     /users/ngoodma3/anaconda/marijuana_study/lib/nltk_data
[nltk_data]     ...
[nltk_data]   Package vader_lexicon is already up-to-date!
The following needed processed file(s) were missing for 2010, month 7:
['/gpfs/scratch/ngoodma3/Marijuana_Legalization_Corpus_Study/lda_prep/lda_prep-2010-7', '/gpfs/scratch/ngoodma3/Marijuana_Legalization_Corpus_Study/total_counts/total_count-2010-7', '/gpfs/scratch/ngoodma3/Marijuana_Legalization_Corpus_Study/nn_prep/nn_prep-2010-7']
Initiating preprocessing of RC_2010-07.bz2at  9:42PM, 05/24/2020
The following needed processed file(s) were missing for 2014, month 7:
['/gpfs/scratch/ngoodma3/Marijuana_Legalization_Corpus_Study/lda_prep/lda_prep-2014-7', '/gpfs/scratch/ngoodma3/Marijuana_Legalization_Corpus_Study/total_counts/total_count-2014-7', '/gpfs/scratch/ngoodma3/Marijuana_Legalization_Corpus_Study/nn_prep/nn_prep-2014-7']
Initiating preprocessing of RC_2014-07.bz2at  9:43PM, 05/24/2020
The following needed processed file(s) were missing for 2016, month 1:
['/gpfs/scratch/ngoodma3/Marijuana_Legalization_Corpus_Study/lda_prep/lda_prep-2016-1', '/gpfs/scratch/ngoodma3/Marijuana_Legalization_Corpus_Study/total_counts/total_count-2016-1', '/gpfs/scratch/ngoodma3/Marijuana_Legalization_Corpus_Study/nn_prep/nn_prep-2016-1']
Initiating preprocessing of RC_2016-01.bz2at  9:43PM, 05/24/2020
[nltk_data] Downloading package vader_lexicon to
[nltk_data]     /users/ngoodma3/anaconda/marijuana_study/lib/nltk_data
[nltk_data]     ...
[nltk_data]   Package vader_lexicon is already up-to-date!
[nltk_data] Downloading package vader_lexicon to
[nltk_data]     /users/ngoodma3/anaconda/marijuana_study/lib/nltk_data
[nltk_data]     ...
[nltk_data]   Package vader_lexicon is already up-to-date!
[nltk_data] Downloading package vader_lexicon to
[nltk_data]     /users/ngoodma3/anaconda/marijuana_study/lib/nltk_data
[nltk_data]     ...
[nltk_data]   Package vader_lexicon is already up-to-date!
The following needed processed file(s) were missing for 2008, month 1:
['/gpfs/scratch/ngoodma3/Marijuana_Legalization_Corpus_Study/lda_prep/lda_prep-2008-1', '/gpfs/scratch/ngoodma3/Marijuana_Legalization_Corpus_Study/total_counts/total_count-2008-1', '/gpfs/scratch/ngoodma3/Marijuana_Legalization_Corpus_Study/nn_prep/nn_prep-2008-1']
Initiating preprocessing of RC_2008-01.bz2at  9:42PM, 05/24/2020
The following needed processed file(s) were missing for 2012, month 5:
['/gpfs/scratch/ngoodma3/Marijuana_Legalization_Corpus_Study/lda_prep/lda_prep-2012-5', '/gpfs/scratch/ngoodma3/Marijuana_Legalization_Corpus_Study/total_counts/total_count-2012-5', '/gpfs/scratch/ngoodma3/Marijuana_Legalization_Corpus_Study/nn_prep/nn_prep-2012-5']
Initiating preprocessing of RC_2012-05.bz2at  9:43PM, 05/24/2020
The following needed processed file(s) were missing for 2017, month 10:
['/gpfs/scratch/ngoodma3/Marijuana_Legalization_Corpus_Study/lda_prep/lda_prep-2017-10', '/gpfs/scratch/ngoodma3/Marijuana_Legalization_Corpus_Study/timedict/RC_Count_Dict-2017-10', '/gpfs/scratch/ngoodma3/Marijuana_Legalization_Corpus_Study/total_counts/total_count-2017-10', '/gpfs/scratch/ngoodma3/Marijuana_Legalization_Corpus_Study/nn_prep/nn_prep-2017-10']
Initiating preprocessing of RC_2017-10.bz2at  9:43PM, 05/24/2020
The following needed processed file(s) were missing for 2010, month 3:
['/gpfs/scratch/ngoodma3/Marijuana_Legalization_Corpus_Study/lda_prep/lda_prep-2010-3', '/gpfs/scratch/ngoodma3/Marijuana_Legalization_Corpus_Study/total_counts/total_count-2010-3', '/gpfs/scratch/ngoodma3/Marijuana_Legalization_Corpus_Study/nn_prep/nn_prep-2010-3']
Initiating preprocessing of RC_2010-03.bz2at  9:42PM, 05/24/2020
The following needed processed file(s) were missing for 2013, month 6:
['/gpfs/scratch/ngoodma3/Marijuana_Legalization_Corpus_Study/lda_prep/lda_prep-2013-6', '/gpfs/scratch/ngoodma3/Marijuana_Legalization_Corpus_Study/total_counts/total_count-2013-6', '/gpfs/scratch/ngoodma3/Marijuana_Legalization_Corpus_Study/nn_prep/nn_prep-2013-6']
Initiating preprocessing of RC_2013-06.bz2at  9:43PM, 05/24/2020
The following needed processed file(s) were missing for 2016, month 9:
['/gpfs/scratch/ngoodma3/Marijuana_Legalization_Corpus_Study/lda_prep/lda_prep-2016-9', '/gpfs/scratch/ngoodma3/Marijuana_Legalization_Corpus_Study/timedict/RC_Count_Dict-2016-9', '/gpfs/scratch/ngoodma3/Marijuana_Legalization_Corpus_Study/total_counts/total_count-2016-9', '/gpfs/scratch/ngoodma3/Marijuana_Legalization_Corpus_Study/nn_prep/nn_prep-2016-9']
Initiating preprocessing of RC_2016-09.bz2at  9:43PM, 05/24/2020
The following needed processed file(s) were missing for 2019, month 8:
['/gpfs/scratch/ngoodma3/Marijuana_Legalization_Corpus_Study/lda_prep/lda_prep-2019-8', '/gpfs/scratch/ngoodma3/Marijuana_Legalization_Corpus_Study/timedict/RC_Count_Dict-2019-8', '/gpfs/scratch/ngoodma3/Marijuana_Legalization_Corpus_Study/total_counts/total_count-2019-8', '/gpfs/scratch/ngoodma3/Marijuana_Legalization_Corpus_Study/nn_prep/nn_prep-2019-8']
Initiating preprocessing of RC_2019-08.zstat  9:43PM, 05/24/2020
[nltk_data] Downloading package vader_lexicon to
[nltk_data]     /users/ngoodma3/anaconda/marijuana_study/lib/nltk_data
[nltk_data]     ...
[nltk_data]   Package vader_lexicon is already up-to-date!
[nltk_data] Downloading package vader_lexicon to
[nltk_data]     /users/ngoodma3/anaconda/marijuana_study/lib/nltk_data
[nltk_data]     ...
[nltk_data]   Package vader_lexicon is already up-to-date!
[nltk_data] Downloading package vader_lexicon to
[nltk_data]     /users/ngoodma3/anaconda/marijuana_study/lib/nltk_data
[nltk_data]     ...
[nltk_data]   Package vader_lexicon is already up-to-date!
The following needed processed file(s) were missing for 2009, month 2:
['/gpfs/scratch/ngoodma3/Marijuana_Legalization_Corpus_Study/lda_prep/lda_prep-2009-2', '/gpfs/scratch/ngoodma3/Marijuana_Legalization_Corpus_Study/total_counts/total_count-2009-2', '/gpfs/scratch/ngoodma3/Marijuana_Legalization_Corpus_Study/nn_prep/nn_prep-2009-2']
Initiating preprocessing of RC_2009-02.bz2at  9:42PM, 05/24/2020
The following needed processed file(s) were missing for 2014, month 11:
['/gpfs/scratch/ngoodma3/Marijuana_Legalization_Corpus_Study/lda_prep/lda_prep-2014-11', '/gpfs/scratch/ngoodma3/Marijuana_Legalization_Corpus_Study/total_counts/total_count-2014-11', '/gpfs/scratch/ngoodma3/Marijuana_Legalization_Corpus_Study/nn_prep/nn_prep-2014-11']
Initiating preprocessing of RC_2014-11.bz2at  9:43PM, 05/24/2020
The following needed processed file(s) were missing for 2016, month 5:
['/gpfs/scratch/ngoodma3/Marijuana_Legalization_Corpus_Study/lda_prep/lda_prep-2016-5', '/gpfs/scratch/ngoodma3/Marijuana_Legalization_Corpus_Study/total_counts/total_count-2016-5', '/gpfs/scratch/ngoodma3/Marijuana_Legalization_Corpus_Study/nn_prep/nn_prep-2016-5']
Initiating preprocessing of RC_2016-05.bz2at  9:43PM, 05/24/2020
The following needed processed file(s) were missing for 2018, month 7:
['/gpfs/scratch/ngoodma3/Marijuana_Legalization_Corpus_Study/lda_prep/lda_prep-2018-7', '/gpfs/scratch/ngoodma3/Marijuana_Legalization_Corpus_Study/timedict/RC_Count_Dict-2018-7', '/gpfs/scratch/ngoodma3/Marijuana_Legalization_Corpus_Study/total_counts/total_count-2018-7', '/gpfs/scratch/ngoodma3/Marijuana_Legalization_Corpus_Study/nn_prep/nn_prep-2018-7']
Initiating preprocessing of RC_2018-07.xzat  9:43PM, 05/24/2020
[nltk_data] Downloading package vader_lexicon to
[nltk_data]     /users/ngoodma3/anaconda/marijuana_study/lib/nltk_data
[nltk_data]     ...
[nltk_data]   Package vader_lexicon is already up-to-date!
[nltk_data] Downloading package vader_lexicon to
[nltk_data]     /users/ngoodma3/anaconda/marijuana_study/lib/nltk_data
[nltk_data]     ...
[nltk_data]   Package vader_lexicon is already up-to-date!
[nltk_data] Downloading package vader_lexicon to
[nltk_data]     /users/ngoodma3/anaconda/marijuana_study/lib/nltk_data
[nltk_data]     ...
[nltk_data]   Package vader_lexicon is already up-to-date!
[nltk_data] Downloading package vader_lexicon to
[nltk_data]     /users/ngoodma3/anaconda/marijuana_study/lib/nltk_data
[nltk_data]     ...
[nltk_data]   Package vader_lexicon is already up-to-date!
multiprocessing.pool.RemoteTraceback: 
"""
Traceback (most recent call last):
  File "/users/ngoodma3/anaconda/marijuana_study/lib/python3.7/multiprocessing/pool.py", line 121, in worker
    result = (True, func(*args, **kwds))
  File "/users/ngoodma3/anaconda/marijuana_study/lib/python3.7/multiprocessing/pool.py", line 44, in mapstar
    return list(map(*args))
  File "/gpfs/scratch/ngoodma3/Marijuana_Legalization_Corpus_Study/reddit_parser.py", line 42, in parse_one_month_wrapper
    Parser(**kwargs).parse_one_month(year, month)
  File "/gpfs/scratch/ngoodma3/Marijuana_Legalization_Corpus_Study/reddit_parser.py", line 508, in parse_one_month
    self.write_avg_sentiment(original_body, sentiments)
  File "/gpfs/scratch/ngoodma3/Marijuana_Legalization_Corpus_Study/reddit_parser.py", line 331, in write_avg_sentiment
    for i in range(0, len(annot_doc['sentences'])):
TypeError: string indices must be integers
"""

The above exception was the direct cause of the following exception:

Traceback (most recent call last):
  File "Combined_NN_Model.py", line 43, in <module>
    theparser.Parse_Rel_RC_Comments()
  File "/gpfs/scratch/ngoodma3/Marijuana_Legalization_Corpus_Study/reddit_parser.py", line 768, in Parse_Rel_RC_Comments
    self.parse()
  File "/gpfs/scratch/ngoodma3/Marijuana_Legalization_Corpus_Study/reddit_parser.py", line 650, in parse
    pool.map(parse_one_month_wrapper, inputs)
  File "/users/ngoodma3/anaconda/marijuana_study/lib/python3.7/multiprocessing/pool.py", line 268, in map
    return self._map_async(func, iterable, mapstar, chunksize).get()
  File "/users/ngoodma3/anaconda/marijuana_study/lib/python3.7/multiprocessing/pool.py", line 657, in get
    raise self._value
TypeError: string indices must be integers
